#! /c/Source/iverilog-install/bin/vvp
:ivl_version "12.0 (devel)" "(s20150603-1110-g18392a46)";
:ivl_delay_selection "TYPICAL";
:vpi_time_precision - 12;
:vpi_module "C:\iverilog\lib\ivl\system.vpi";
:vpi_module "C:\iverilog\lib\ivl\vhdl_sys.vpi";
:vpi_module "C:\iverilog\lib\ivl\vhdl_textio.vpi";
:vpi_module "C:\iverilog\lib\ivl\v2005_math.vpi";
:vpi_module "C:\iverilog\lib\ivl\va_math.vpi";
S_000001dbe3a37c30 .scope module, "MultiCycleCPU_test" "MultiCycleCPU_test" 2 29;
 .timescale -9 -12;
v000001dbe3b13a50_0 .var "clk", 0 0;
v000001dbe3b12dd0_0 .var "reset", 0 0;
S_000001dbe3a37380 .scope module, "uut" "MultiCycleCPU" 2 36, 3 26 0, S_000001dbe3a37c30;
 .timescale -9 -12;
    .port_info 0 /INPUT 1 "clk";
    .port_info 1 /INPUT 1 "reset";
v000001dbe3b14770_0 .net "ALUSel", 3 0, v000001dbe3a7ed00_0;  1 drivers
v000001dbe3b13370_0 .net "ALUSrcA", 0 0, v000001dbe3a7f980_0;  1 drivers
v000001dbe3b12d30_0 .net "ALUSrcB", 1 0, v000001dbe3a7fac0_0;  1 drivers
v000001dbe3b12a10_0 .net "DMEMWrite", 0 0, v000001dbe3a7fca0_0;  1 drivers
v000001dbe3b13190_0 .net "IRWrite", 0 0, v000001dbe3a7ee40_0;  1 drivers
v000001dbe3b13e10_0 .net "MemtoReg", 1 0, v000001dbe3a80100_0;  1 drivers
v000001dbe3b13eb0_0 .net "PCSource", 1 0, v000001dbe3a7ef80_0;  1 drivers
v000001dbe3b14090_0 .net "PCWrite", 0 0, v000001dbe3a7e260_0;  1 drivers
v000001dbe3b13f50_0 .net "PCWriteCond", 0 0, v000001dbe3a7f160_0;  1 drivers
v000001dbe3b14130_0 .net "RegReadSel", 0 0, v000001dbe3a7e440_0;  1 drivers
v000001dbe3b13410_0 .net "RegWrite", 0 0, v000001dbe3a7eda0_0;  1 drivers
v000001dbe3b12ab0_0 .net "clk", 0 0, v000001dbe3b13a50_0;  1 drivers
v000001dbe3b139b0_0 .net "opcode", 5 0, L_000001dbe3b1d290;  1 drivers
v000001dbe3b141d0_0 .net "reset", 0 0, v000001dbe3b12dd0_0;  1 drivers
S_000001dbe3a2c910 .scope module, "cpu_controller" "controller" 3 50, 4 26 0, S_000001dbe3a37380;
 .timescale -9 -12;
    .port_info 0 /INPUT 6 "opcode";
    .port_info 1 /INPUT 1 "clk";
    .port_info 2 /INPUT 1 "reset";
    .port_info 3 /OUTPUT 1 "PCWrite";
    .port_info 4 /OUTPUT 1 "PCWriteCond";
    .port_info 5 /OUTPUT 1 "DMEMWrite";
    .port_info 6 /OUTPUT 1 "IRWrite";
    .port_info 7 /OUTPUT 2 "MemtoReg";
    .port_info 8 /OUTPUT 2 "PCSource";
    .port_info 9 /OUTPUT 4 "ALUSel";
    .port_info 10 /OUTPUT 1 "ALUSrcA";
    .port_info 11 /OUTPUT 2 "ALUSrcB";
    .port_info 12 /OUTPUT 1 "RegWrite";
    .port_info 13 /OUTPUT 1 "RegReadSel";
P_000001dbe3abe150 .param/l "ADDI" 0 4 72, C4<0010>;
P_000001dbe3abe188 .param/l "ANDI" 0 4 75, C4<0101>;
P_000001dbe3abe1c0 .param/l "BR" 0 4 68, C4<10>;
P_000001dbe3abe1f8 .param/l "I" 0 4 69, C4<11>;
P_000001dbe3abe230 .param/l "ID" 0 4 50, C4<0001>;
P_000001dbe3abe268 .param/l "IF" 0 4 49, C4<0000>;
P_000001dbe3abe2a0 .param/l "J" 0 4 66, C4<00>;
P_000001dbe3abe2d8 .param/l "LI" 0 4 78, C4<1001>;
P_000001dbe3abe310 .param/l "LUI" 0 4 79, C4<1010>;
P_000001dbe3abe348 .param/l "LWI" 0 4 80, C4<1011>;
P_000001dbe3abe380 .param/l "LWI_mem_read" 0 4 54, C4<0101>;
P_000001dbe3abe3b8 .param/l "L_type_sign_ex" 0 4 52, C4<0011>;
P_000001dbe3abe3f0 .param/l "L_type_zero_ex" 0 4 53, C4<0100>;
P_000001dbe3abe428 .param/l "ORI" 0 4 74, C4<0100>;
P_000001dbe3abe460 .param/l "R" 0 4 67, C4<01>;
P_000001dbe3abe498 .param/l "R1_output" 0 4 63, C4<1110>;
P_000001dbe3abe4d0 .param/l "R_type_ex" 0 4 51, C4<0010>;
P_000001dbe3abe508 .param/l "SLTI" 0 4 77, C4<0111>;
P_000001dbe3abe540 .param/l "SUBI" 0 4 73, C4<0011>;
P_000001dbe3abe578 .param/l "SWI" 0 4 81, C4<1100>;
P_000001dbe3abe5b0 .param/l "XORI" 0 4 76, C4<0110>;
P_000001dbe3abe5e8 .param/l "branch" 0 4 60, C4<1011>;
P_000001dbe3abe620 .param/l "jump" 0 4 61, C4<1100>;
P_000001dbe3abe658 .param/l "reg_write_back_aluout" 0 4 55, C4<0110>;
P_000001dbe3abe690 .param/l "reg_write_back_li" 0 4 58, C4<1001>;
P_000001dbe3abe6c8 .param/l "reg_write_back_lui" 0 4 59, C4<1010>;
P_000001dbe3abe700 .param/l "reg_write_back_mdr" 0 4 56, C4<0111>;
P_000001dbe3abe738 .param/l "sR" 0 4 62, C4<1101>;
P_000001dbe3abe770 .param/l "swi_mem_write" 0 4 57, C4<1000>;
v000001dbe3a7ed00_0 .var "ALUSel", 3 0;
v000001dbe3a7f980_0 .var "ALUSrcA", 0 0;
v000001dbe3a7fac0_0 .var "ALUSrcB", 1 0;
v000001dbe3a7fca0_0 .var "DMEMWrite", 0 0;
v000001dbe3a7ee40_0 .var "IRWrite", 0 0;
v000001dbe3a80100_0 .var "MemtoReg", 1 0;
v000001dbe3a7ef80_0 .var "PCSource", 1 0;
v000001dbe3a7e260_0 .var "PCWrite", 0 0;
v000001dbe3a7f160_0 .var "PCWriteCond", 0 0;
v000001dbe3a7e440_0 .var "RegReadSel", 0 0;
v000001dbe3a7eda0_0 .var "RegWrite", 0 0;
v000001dbe3a7f520_0 .net "clk", 0 0, v000001dbe3b13a50_0;  alias, 1 drivers
v000001dbe3a7f5c0_0 .net "opcode", 5 0, L_000001dbe3b1d290;  alias, 1 drivers
v000001dbe3a7e580_0 .net "reset", 0 0, v000001dbe3b12dd0_0;  alias, 1 drivers
v000001dbe3a7e800_0 .var "state", 3 0;
E_000001dbe3a90f50 .event posedge, v000001dbe3a7f520_0;
S_000001dbe3a2cb90 .scope module, "cpu_datapath" "datapath" 3 42, 5 26 0, S_000001dbe3a37380;
 .timescale -9 -12;
    .port_info 0 /INPUT 1 "clk";
    .port_info 1 /INPUT 1 "reset";
    .port_info 2 /INPUT 1 "PCWrite";
    .port_info 3 /INPUT 1 "PCWriteCond";
    .port_info 4 /INPUT 1 "IRWrite";
    .port_info 5 /INPUT 1 "DMEMWrite";
    .port_info 6 /INPUT 1 "RegWrite";
    .port_info 7 /INPUT 1 "ALUSrcA";
    .port_info 8 /INPUT 1 "RegReadSel";
    .port_info 9 /INPUT 2 "MemtoReg";
    .port_info 10 /INPUT 2 "ALUSrcB";
    .port_info 11 /INPUT 2 "PCSource";
    .port_info 12 /INPUT 4 "ALUSel";
    .port_info 13 /OUTPUT 6 "opcode";
P_000001dbe3a90290 .param/l "word_size" 0 5 40, +C4<00000000000000000000000000100000>;
L_000001dbe3a6f2e0 .functor AND 1, v000001dbe3a7f160_0, v000001dbe3b0f350_0, C4<1>, C4<1>;
L_000001dbe3a6eda0 .functor OR 1, L_000001dbe3a6f2e0, v000001dbe3a7e260_0, C4<0>, C4<0>;
v000001dbe3b0f3f0_0 .net "ALUOut_wire", 31 0, L_000001dbe3b67540;  1 drivers
v000001dbe3b0f850_0 .net "ALUSel", 3 0, v000001dbe3a7ed00_0;  alias, 1 drivers
v000001dbe3b102f0_0 .net "ALUSrcA", 0 0, v000001dbe3a7f980_0;  alias, 1 drivers
v000001dbe3b0f990_0 .net "ALUSrcB", 1 0, v000001dbe3a7fac0_0;  alias, 1 drivers
v000001dbe3b0e9f0_0 .net "ALU_wire", 31 0, v000001dbe3b0fdf0_0;  1 drivers
v000001dbe3b0fb70_0 .net "Aout", 31 0, L_000001dbe3b67000;  1 drivers
v000001dbe3b0fc10_0 .net "Bout", 31 0, L_000001dbe3b67310;  1 drivers
v000001dbe3b0ff30_0 .net "DMEMWrite", 0 0, v000001dbe3a7fca0_0;  alias, 1 drivers
v000001dbe3b10070_0 .net "DMout", 31 0, L_000001dbe3a6ee10;  1 drivers
v000001dbe3b0ea90_0 .net "IMout", 31 0, v000001dbe3b0b320_0;  1 drivers
v000001dbe3b101b0_0 .net "IRWrite", 0 0, v000001dbe3a7ee40_0;  alias, 1 drivers
v000001dbe3b13ff0_0 .net "IRout", 31 0, v000001dbe3b0ac40_0;  1 drivers
v000001dbe3b13910_0 .net "MDRout", 31 0, L_000001dbe3a6eef0;  1 drivers
v000001dbe3b12f10_0 .net "MemtoReg", 1 0, v000001dbe3a80100_0;  alias, 1 drivers
v000001dbe3b13050_0 .net "PCSource", 1 0, v000001dbe3a7ef80_0;  alias, 1 drivers
v000001dbe3b12fb0_0 .net "PCWrite", 0 0, v000001dbe3a7e260_0;  alias, 1 drivers
v000001dbe3b14590_0 .net "PCWriteCond", 0 0, v000001dbe3a7f160_0;  alias, 1 drivers
v000001dbe3b134b0_0 .net "PCWrite_datapath", 0 0, L_000001dbe3a6eda0;  1 drivers
v000001dbe3b14270_0 .net "PCin", 31 0, v000001dbe3b0b3c0_0;  1 drivers
v000001dbe3b137d0_0 .net "PCout", 31 0, v000001dbe3b0bd20_0;  1 drivers
v000001dbe3b12970_0 .net "RegReadSel", 0 0, v000001dbe3a7e440_0;  alias, 1 drivers
v000001dbe3b12c90_0 .net "RegWrite", 0 0, v000001dbe3a7eda0_0;  alias, 1 drivers
v000001dbe3b14310_0 .net *"_ivl_21", 15 0, L_000001dbe3b1ecd0;  1 drivers
v000001dbe3b13230_0 .net *"_ivl_25", 15 0, L_000001dbe3b1d3d0;  1 drivers
v000001dbe3b14450_0 .net "clk", 0 0, v000001dbe3b13a50_0;  alias, 1 drivers
v000001dbe3b143b0_0 .net "immSE", 31 0, L_000001dbe3b1ea50;  1 drivers
v000001dbe3b144f0_0 .net "immZE", 31 0, L_000001dbe3b1ec30;  1 drivers
v000001dbe3b14630_0 .net "immediate", 15 0, L_000001dbe3b1dbf0;  1 drivers
v000001dbe3b13cd0_0 .net "jump_target", 31 0, L_000001dbe3b1d330;  1 drivers
v000001dbe3b13d70_0 .net "opcode", 5 0, L_000001dbe3b1d290;  alias, 1 drivers
v000001dbe3b12bf0_0 .net "read_data_1", 31 0, L_000001dbe3a6f120;  1 drivers
v000001dbe3b13550_0 .net "read_data_2", 31 0, L_000001dbe3a6f190;  1 drivers
v000001dbe3b146d0_0 .net "read_sel_1", 4 0, L_000001dbe3b1da10;  1 drivers
v000001dbe3b135f0_0 .net "read_sel_2", 4 0, v000001dbe3b0f2b0_0;  1 drivers
v000001dbe3b128d0_0 .net "reset", 0 0, v000001dbe3b12dd0_0;  alias, 1 drivers
v000001dbe3b13690_0 .net "sourceA", 31 0, v000001dbe3b0c040_0;  1 drivers
v000001dbe3b132d0_0 .net "sourceB", 31 0, v000001dbe3b0ad80_0;  1 drivers
v000001dbe3b130f0_0 .net "w1", 0 0, L_000001dbe3a6f2e0;  1 drivers
v000001dbe3b13870_0 .net "write_address", 4 0, L_000001dbe3b1e870;  1 drivers
v000001dbe3b12e70_0 .net "write_data", 31 0, v000001dbe3b10750_0;  1 drivers
v000001dbe3b13730_0 .net "zero", 0 0, v000001dbe3b0f350_0;  1 drivers
L_000001dbe3b1d290 .part v000001dbe3b0ac40_0, 26, 6;
L_000001dbe3b1dbf0 .part v000001dbe3b0ac40_0, 0, 16;
L_000001dbe3b1e870 .part v000001dbe3b0ac40_0, 21, 5;
L_000001dbe3b1da10 .part v000001dbe3b0ac40_0, 16, 5;
L_000001dbe3b1d8d0 .part v000001dbe3b0ac40_0, 11, 5;
L_000001dbe3b1eaf0 .part v000001dbe3b0ac40_0, 21, 5;
L_000001dbe3b1ecd0 .part L_000001dbe3a6f190, 16, 16;
L_000001dbe3b1e4b0 .concat [ 16 16 0 0], L_000001dbe3b1dbf0, L_000001dbe3b1ecd0;
L_000001dbe3b1d3d0 .part L_000001dbe3a6f190, 0, 16;
L_000001dbe3b1e5f0 .concat [ 16 16 0 0], L_000001dbe3b1d3d0, L_000001dbe3b1dbf0;
S_000001dbe3a26f10 .scope module, "A" "holding_reg" 5 125, 6 23 0, S_000001dbe3a2cb90;
 .timescale -9 -12;
    .port_info 0 /OUTPUT 32 "output_data";
    .port_info 1 /INPUT 32 "input_data";
    .port_info 2 /INPUT 1 "write";
    .port_info 3 /INPUT 1 "clk";
    .port_info 4 /INPUT 1 "reset";
P_000001dbe3a90c10 .param/l "word_size" 0 6 25, +C4<00000000000000000000000000100000>;
L_000001dbe3b67000 .functor BUFZ 32, v000001dbe3a7e6c0_0, C4<00000000000000000000000000000000>, C4<00000000000000000000000000000000>, C4<00000000000000000000000000000000>;
v000001dbe3a7e620_0 .net "clk", 0 0, v000001dbe3b13a50_0;  alias, 1 drivers
v000001dbe3a7e6c0_0 .var "content", 31 0;
v000001dbe3a7e760_0 .net "input_data", 31 0, L_000001dbe3a6f120;  alias, 1 drivers
v000001dbe3a77040_0 .net "output_data", 31 0, L_000001dbe3b67000;  alias, 1 drivers
v000001dbe3a76c80_0 .net "reset", 0 0, v000001dbe3b12dd0_0;  alias, 1 drivers
L_000001dbe3b1f010 .functor BUFT 1, C4<1>, C4<0>, C4<0>, C4<0>;
v000001dbe3a777c0_0 .net "write", 0 0, L_000001dbe3b1f010;  1 drivers
S_000001dbe3a270a0 .scope module, "ALUOut" "holding_reg" 5 129, 6 23 0, S_000001dbe3a2cb90;
 .timescale -9 -12;
    .port_info 0 /OUTPUT 32 "output_data";
    .port_info 1 /INPUT 32 "input_data";
    .port_info 2 /INPUT 1 "write";
    .port_info 3 /INPUT 1 "clk";
    .port_info 4 /INPUT 1 "reset";
P_000001dbe3a90dd0 .param/l "word_size" 0 6 25, +C4<00000000000000000000000000100000>;
L_000001dbe3b67540 .functor BUFZ 32, v000001dbe3a77180_0, C4<00000000000000000000000000000000>, C4<00000000000000000000000000000000>, C4<00000000000000000000000000000000>;
v000001dbe3a76fa0_0 .net "clk", 0 0, v000001dbe3b13a50_0;  alias, 1 drivers
v000001dbe3a77180_0 .var "content", 31 0;
v000001dbe3a77680_0 .net "input_data", 31 0, v000001dbe3b0fdf0_0;  alias, 1 drivers
v000001dbe3a77360_0 .net "output_data", 31 0, L_000001dbe3b67540;  alias, 1 drivers
v000001dbe3a77900_0 .net "reset", 0 0, v000001dbe3b12dd0_0;  alias, 1 drivers
L_000001dbe3b1f0a0 .functor BUFT 1, C4<1>, C4<0>, C4<0>, C4<0>;
v000001dbe3b0ba00_0 .net "write", 0 0, L_000001dbe3b1f0a0;  1 drivers
S_000001dbe3a268d0 .scope module, "ALUSrcA_mux" "mux_1bit" 5 144, 7 23 0, S_000001dbe3a2cb90;
 .timescale -9 -12;
    .port_info 0 /OUTPUT 32 "output_data";
    .port_info 1 /INPUT 32 "input_data0";
    .port_info 2 /INPUT 32 "input_data1";
    .port_info 3 /INPUT 1 "select";
P_000001dbe3a906d0 .param/l "word_size" 0 7 24, +C4<00000000000000000000000000100000>;
v000001dbe3b0ace0_0 .net "input_data0", 31 0, v000001dbe3b0bd20_0;  alias, 1 drivers
v000001dbe3b0baa0_0 .net "input_data1", 31 0, L_000001dbe3b67000;  alias, 1 drivers
v000001dbe3b0c040_0 .var "output_data", 31 0;
v000001dbe3b0b5a0_0 .net "select", 0 0, v000001dbe3a7f980_0;  alias, 1 drivers
E_000001dbe3a90a90 .event anyedge, v000001dbe3a77040_0, v000001dbe3b0ace0_0, v000001dbe3a7f980_0;
S_000001dbe3a26a60 .scope module, "ALUSrcB_mux" "mux_2bit" 5 145, 8 23 0, S_000001dbe3a2cb90;
 .timescale -9 -12;
    .port_info 0 /OUTPUT 32 "output_data";
    .port_info 1 /INPUT 32 "input_data0";
    .port_info 2 /INPUT 32 "input_data1";
    .port_info 3 /INPUT 32 "input_data2";
    .port_info 4 /INPUT 32 "input_data3";
    .port_info 5 /INPUT 2 "select";
P_000001dbe3a90250 .param/l "word_size" 0 8 24, +C4<00000000000000000000000000100000>;
v000001dbe3b0bb40_0 .net "input_data0", 31 0, L_000001dbe3b67310;  alias, 1 drivers
L_000001dbe3b1f130 .functor BUFT 1, C4<00000000000000000000000000000001>, C4<0>, C4<0>, C4<0>;
v000001dbe3b0c540_0 .net "input_data1", 31 0, L_000001dbe3b1f130;  1 drivers
v000001dbe3b0b460_0 .net "input_data2", 31 0, L_000001dbe3b1ea50;  alias, 1 drivers
v000001dbe3b0af60_0 .net "input_data3", 31 0, L_000001dbe3b1ec30;  alias, 1 drivers
v000001dbe3b0ad80_0 .var "output_data", 31 0;
v000001dbe3b0ae20_0 .net "select", 1 0, v000001dbe3a7fac0_0;  alias, 1 drivers
E_000001dbe3a90710/0 .event anyedge, v000001dbe3a7fac0_0, v000001dbe3b0af60_0, v000001dbe3b0b460_0, v000001dbe3b0c540_0;
E_000001dbe3a90710/1 .event anyedge, v000001dbe3b0bb40_0;
E_000001dbe3a90710 .event/or E_000001dbe3a90710/0, E_000001dbe3a90710/1;
S_000001dbe3a26bf0 .scope module, "B" "holding_reg" 5 126, 6 23 0, S_000001dbe3a2cb90;
 .timescale -9 -12;
    .port_info 0 /OUTPUT 32 "output_data";
    .port_info 1 /INPUT 32 "input_data";
    .port_info 2 /INPUT 1 "write";
    .port_info 3 /INPUT 1 "clk";
    .port_info 4 /INPUT 1 "reset";
P_000001dbe3a909d0 .param/l "word_size" 0 6 25, +C4<00000000000000000000000000100000>;
L_000001dbe3b67310 .functor BUFZ 32, v000001dbe3b0b640_0, C4<00000000000000000000000000000000>, C4<00000000000000000000000000000000>, C4<00000000000000000000000000000000>;
v000001dbe3b0aec0_0 .net "clk", 0 0, v000001dbe3b13a50_0;  alias, 1 drivers
v000001dbe3b0b640_0 .var "content", 31 0;
v000001dbe3b0aa60_0 .net "input_data", 31 0, L_000001dbe3a6f190;  alias, 1 drivers
v000001dbe3b0b820_0 .net "output_data", 31 0, L_000001dbe3b67310;  alias, 1 drivers
v000001dbe3b0c5e0_0 .net "reset", 0 0, v000001dbe3b12dd0_0;  alias, 1 drivers
L_000001dbe3b1f058 .functor BUFT 1, C4<1>, C4<0>, C4<0>, C4<0>;
v000001dbe3b0b500_0 .net "write", 0 0, L_000001dbe3b1f058;  1 drivers
S_000001dbe3b0cbb0 .scope module, "DM" "DMem" 5 104, 9 37 0, S_000001dbe3a2cb90;
 .timescale -9 -12;
    .port_info 0 /INPUT 32 "WriteData";
    .port_info 1 /OUTPUT 32 "MemData";
    .port_info 2 /INPUT 16 "Address";
    .port_info 3 /INPUT 1 "MemWrite";
    .port_info 4 /INPUT 1 "Clk";
P_000001dbe39cd680 .param/l "ADDRESS_WIDTH" 0 9 43, +C4<00000000000000000000000000010000>;
P_000001dbe39cd6b8 .param/l "DATA_WIDTH" 0 9 44, +C4<00000000000000000000000000100000>;
L_000001dbe3a6ee10 .functor BUFZ 32, L_000001dbe3b1e230, C4<00000000000000000000000000000000>, C4<00000000000000000000000000000000>, C4<00000000000000000000000000000000>;
v000001dbe3b0c180_0 .net "Address", 15 0, L_000001dbe3b1dbf0;  alias, 1 drivers
v000001dbe3b0c220_0 .net "Clk", 0 0, v000001dbe3b13a50_0;  alias, 1 drivers
v000001dbe3b0bc80_0 .net "MemData", 31 0, L_000001dbe3a6ee10;  alias, 1 drivers
v000001dbe3b0b000_0 .net "MemWrite", 0 0, v000001dbe3a7fca0_0;  alias, 1 drivers
v000001dbe3b0bf00_0 .net "WriteData", 31 0, L_000001dbe3b67310;  alias, 1 drivers
v000001dbe3b0aba0_0 .net *"_ivl_0", 31 0, L_000001dbe3b1e230;  1 drivers
v000001dbe3b0b8c0 .array "mem_contents", 0 15, 31 0;
L_000001dbe3b1e230 .array/port v000001dbe3b0b8c0, L_000001dbe3b1dbf0;
S_000001dbe3b0cd40 .scope module, "IM" "IMem" 5 101, 10 25 0, S_000001dbe3a2cb90;
 .timescale -9 -12;
    .port_info 0 /INPUT 32 "PC";
    .port_info 1 /OUTPUT 32 "Instruction";
P_000001dbe3a90410 .param/l "PROG_LENGTH" 0 10 28, +C4<00000000000000000000000000010110>;
v000001dbe3b0b320_0 .var "Instruction", 31 0;
v000001dbe3b0bbe0_0 .net "PC", 31 0, v000001dbe3b0bd20_0;  alias, 1 drivers
E_000001dbe3a90390 .event anyedge, v000001dbe3b0ace0_0;
S_000001dbe3b0d060 .scope module, "IR" "holding_reg" 5 121, 6 23 0, S_000001dbe3a2cb90;
 .timescale -9 -12;
    .port_info 0 /OUTPUT 32 "output_data";
    .port_info 1 /INPUT 32 "input_data";
    .port_info 2 /INPUT 1 "write";
    .port_info 3 /INPUT 1 "clk";
    .port_info 4 /INPUT 1 "reset";
P_000001dbe3a90f90 .param/l "word_size" 0 6 25, +C4<00000000000000000000000000100000>;
v000001dbe3b0b780_0 .net "clk", 0 0, v000001dbe3b13a50_0;  alias, 1 drivers
v000001dbe3b0ac40_0 .var "content", 31 0;
v000001dbe3b0c2c0_0 .net "input_data", 31 0, v000001dbe3b0b320_0;  alias, 1 drivers
v000001dbe3b0c4a0_0 .net "output_data", 31 0, v000001dbe3b0ac40_0;  alias, 1 drivers
v000001dbe3b0be60_0 .net "reset", 0 0, v000001dbe3b12dd0_0;  alias, 1 drivers
v000001dbe3b0b0a0_0 .net "write", 0 0, v000001dbe3a7ee40_0;  alias, 1 drivers
S_000001dbe3b0d380 .scope module, "MDR" "holding_reg" 5 107, 6 23 0, S_000001dbe3a2cb90;
 .timescale -9 -12;
    .port_info 0 /OUTPUT 32 "output_data";
    .port_info 1 /INPUT 32 "input_data";
    .port_info 2 /INPUT 1 "write";
    .port_info 3 /INPUT 1 "clk";
    .port_info 4 /INPUT 1 "reset";
P_000001dbe3a905d0 .param/l "word_size" 0 6 25, +C4<00000000000000000000000000100000>;
L_000001dbe3a6eef0 .functor BUFZ 32, v000001dbe3b0c680_0, C4<00000000000000000000000000000000>, C4<00000000000000000000000000000000>, C4<00000000000000000000000000000000>;
v000001dbe3b0a920_0 .net "clk", 0 0, v000001dbe3b13a50_0;  alias, 1 drivers
v000001dbe3b0c680_0 .var "content", 31 0;
v000001dbe3b0b6e0_0 .net "input_data", 31 0, L_000001dbe3a6ee10;  alias, 1 drivers
v000001dbe3b0bfa0_0 .net "output_data", 31 0, L_000001dbe3a6eef0;  alias, 1 drivers
v000001dbe3b0c360_0 .net "reset", 0 0, v000001dbe3b12dd0_0;  alias, 1 drivers
L_000001dbe3b1ef38 .functor BUFT 1, C4<1>, C4<0>, C4<0>, C4<0>;
v000001dbe3b0c400_0 .net "write", 0 0, L_000001dbe3b1ef38;  1 drivers
S_000001dbe3b0ced0 .scope module, "PC" "holding_reg" 5 118, 6 23 0, S_000001dbe3a2cb90;
 .timescale -9 -12;
    .port_info 0 /OUTPUT 32 "output_data";
    .port_info 1 /INPUT 32 "input_data";
    .port_info 2 /INPUT 1 "write";
    .port_info 3 /INPUT 1 "clk";
    .port_info 4 /INPUT 1 "reset";
P_000001dbe3a907d0 .param/l "word_size" 0 6 25, +C4<00000000000000000000000000100000>;
v000001dbe3b0c720_0 .net "clk", 0 0, v000001dbe3b13a50_0;  alias, 1 drivers
v000001dbe3b0bd20_0 .var "content", 31 0;
v000001dbe3b0c0e0_0 .net "input_data", 31 0, v000001dbe3b0b3c0_0;  alias, 1 drivers
v000001dbe3b0a880_0 .net "output_data", 31 0, v000001dbe3b0bd20_0;  alias, 1 drivers
v000001dbe3b0b140_0 .net "reset", 0 0, v000001dbe3b12dd0_0;  alias, 1 drivers
v000001dbe3b0b1e0_0 .net "write", 0 0, L_000001dbe3a6eda0;  alias, 1 drivers
S_000001dbe3b0c890 .scope module, "PC_mux" "mux_2bit" 5 148, 8 23 0, S_000001dbe3a2cb90;
 .timescale -9 -12;
    .port_info 0 /OUTPUT 32 "output_data";
    .port_info 1 /INPUT 32 "input_data0";
    .port_info 2 /INPUT 32 "input_data1";
    .port_info 3 /INPUT 32 "input_data2";
    .port_info 4 /INPUT 32 "input_data3";
    .port_info 5 /INPUT 2 "select";
P_000001dbe3a90610 .param/l "word_size" 0 8 24, +C4<00000000000000000000000000100000>;
v000001dbe3b0ab00_0 .net "input_data0", 31 0, v000001dbe3b0fdf0_0;  alias, 1 drivers
v000001dbe3b0bdc0_0 .net "input_data1", 31 0, L_000001dbe3b67540;  alias, 1 drivers
v000001dbe3b0a9c0_0 .net "input_data2", 31 0, L_000001dbe3b1d330;  alias, 1 drivers
L_000001dbe3b1f178 .functor BUFT 1, C4<00000000000000000000000000000000>, C4<0>, C4<0>, C4<0>;
v000001dbe3b0b280_0 .net "input_data3", 31 0, L_000001dbe3b1f178;  1 drivers
v000001dbe3b0b3c0_0 .var "output_data", 31 0;
v000001dbe3b0b960_0 .net "select", 1 0, v000001dbe3a7ef80_0;  alias, 1 drivers
E_000001dbe3a90c50/0 .event anyedge, v000001dbe3a7ef80_0, v000001dbe3b0b280_0, v000001dbe3b0a9c0_0, v000001dbe3a77360_0;
E_000001dbe3a90c50/1 .event anyedge, v000001dbe3a77680_0;
E_000001dbe3a90c50 .event/or E_000001dbe3a90c50/0, E_000001dbe3a90c50/1;
S_000001dbe3b0d510 .scope module, "RF" "nbit_register_file" 5 110, 11 24 0, S_000001dbe3a2cb90;
 .timescale -9 -12;
    .port_info 0 /INPUT 32 "write_data";
    .port_info 1 /OUTPUT 32 "read_data_1";
    .port_info 2 /OUTPUT 32 "read_data_2";
    .port_info 3 /INPUT 5 "read_sel_1";
    .port_info 4 /INPUT 5 "read_sel_2";
    .port_info 5 /INPUT 5 "write_address";
    .port_info 6 /INPUT 1 "RegWrite";
    .port_info 7 /INPUT 1 "clk";
P_000001dbe39cdb80 .param/l "data_width" 0 11 29, +C4<00000000000000000000000000100000>;
P_000001dbe39cdbb8 .param/l "select_width" 0 11 30, +C4<00000000000000000000000000000101>;
L_000001dbe3a6f120 .functor BUFZ 32, L_000001dbe3b1ed70, C4<00000000000000000000000000000000>, C4<00000000000000000000000000000000>, C4<00000000000000000000000000000000>;
L_000001dbe3a6f190 .functor BUFZ 32, L_000001dbe3b1dc90, C4<00000000000000000000000000000000>, C4<00000000000000000000000000000000>, C4<00000000000000000000000000000000>;
v000001dbe3b10430_0 .net "RegWrite", 0 0, v000001dbe3a7eda0_0;  alias, 1 drivers
v000001dbe3b0f670_0 .net *"_ivl_0", 31 0, L_000001dbe3b1ed70;  1 drivers
v000001dbe3b0f490_0 .net *"_ivl_10", 6 0, L_000001dbe3b1e410;  1 drivers
L_000001dbe3b1efc8 .functor BUFT 1, C4<00>, C4<0>, C4<0>, C4<0>;
v000001dbe3b0eb30_0 .net *"_ivl_13", 1 0, L_000001dbe3b1efc8;  1 drivers
v000001dbe3b10390_0 .net *"_ivl_2", 6 0, L_000001dbe3b1dfb0;  1 drivers
L_000001dbe3b1ef80 .functor BUFT 1, C4<00>, C4<0>, C4<0>, C4<0>;
v000001dbe3b0ef90_0 .net *"_ivl_5", 1 0, L_000001dbe3b1ef80;  1 drivers
v000001dbe3b10250_0 .net *"_ivl_8", 31 0, L_000001dbe3b1dc90;  1 drivers
v000001dbe3b0fcb0_0 .net "clk", 0 0, v000001dbe3b13a50_0;  alias, 1 drivers
v000001dbe3b0fd50_0 .var/i "i", 31 0;
v000001dbe3b104d0_0 .net "read_data_1", 31 0, L_000001dbe3a6f120;  alias, 1 drivers
v000001dbe3b0ee50_0 .net "read_data_2", 31 0, L_000001dbe3a6f190;  alias, 1 drivers
v000001dbe3b0f8f0_0 .net "read_sel_1", 4 0, L_000001dbe3b1da10;  alias, 1 drivers
v000001dbe3b10570_0 .net "read_sel_2", 4 0, v000001dbe3b0f2b0_0;  alias, 1 drivers
v000001dbe3b0eef0 .array "register_file", 31 0, 31 0;
v000001dbe3b0f5d0_0 .net "write_address", 4 0, L_000001dbe3b1e870;  alias, 1 drivers
v000001dbe3b0f030_0 .net "write_data", 31 0, v000001dbe3b10750_0;  alias, 1 drivers
L_000001dbe3b1ed70 .array/port v000001dbe3b0eef0, L_000001dbe3b1dfb0;
L_000001dbe3b1dfb0 .concat [ 5 2 0 0], L_000001dbe3b1da10, L_000001dbe3b1ef80;
L_000001dbe3b1dc90 .array/port v000001dbe3b0eef0, L_000001dbe3b1e410;
L_000001dbe3b1e410 .concat [ 5 2 0 0], v000001dbe3b0f2b0_0, L_000001dbe3b1efc8;
S_000001dbe3b0d6a0 .scope module, "SE" "sign_extend" 5 135, 12 23 0, S_000001dbe3a2cb90;
 .timescale -9 -12;
    .port_info 0 /INPUT 16 "input_data";
    .port_info 1 /OUTPUT 32 "output_data";
P_000001dbe39cdd80 .param/l "imm_size" 0 12 26, +C4<00000000000000000000000000010000>;
P_000001dbe39cddb8 .param/l "word_size" 0 12 25, +C4<00000000000000000000000000100000>;
v000001dbe3b0e8b0_0 .net "input_data", 15 0, L_000001dbe3b1dbf0;  alias, 1 drivers
v000001dbe3b0e950_0 .net "output_data", 31 0, L_000001dbe3b1ea50;  alias, 1 drivers
L_000001dbe3b1ea50 .extend/s 32, L_000001dbe3b1dbf0;
S_000001dbe3b0ca20 .scope module, "ZE" "zero_extend" 5 134, 13 23 0, S_000001dbe3a2cb90;
 .timescale -9 -12;
    .port_info 0 /INPUT 16 "input_data";
    .port_info 1 /OUTPUT 32 "output_data";
P_000001dbe39cdc00 .param/l "imm_size" 0 13 26, +C4<00000000000000000000000000010000>;
P_000001dbe39cdc38 .param/l "word_size" 0 13 25, +C4<00000000000000000000000000100000>;
L_000001dbe3b1f0e8 .functor BUFT 1, C4<0000000000000000>, C4<0>, C4<0>, C4<0>;
v000001dbe3b0f710_0 .net *"_ivl_3", 15 0, L_000001dbe3b1f0e8;  1 drivers
v000001dbe3b0ebd0_0 .net "input_data", 15 0, L_000001dbe3b1dbf0;  alias, 1 drivers
v000001dbe3b0f7b0_0 .net "output_data", 31 0, L_000001dbe3b1ec30;  alias, 1 drivers
L_000001dbe3b1ec30 .concat [ 16 16 0 0], L_000001dbe3b1dbf0, L_000001dbe3b1f0e8;
S_000001dbe3b0d1f0 .scope module, "jALU" "jumpALU" 5 153, 14 23 0, S_000001dbe3a2cb90;
 .timescale -9 -12;
    .port_info 0 /OUTPUT 32 "jump_target";
    .port_info 1 /INPUT 32 "inputPC";
    .port_info 2 /INPUT 32 "offset";
P_000001dbe3a90e50 .param/l "word_size" 0 14 24, +C4<00000000000000000000000000100000>;
v000001dbe3b0ed10_0 .net "inputPC", 31 0, v000001dbe3b0bd20_0;  alias, 1 drivers
v000001dbe3b0edb0_0 .net "jump_target", 31 0, L_000001dbe3b1d330;  alias, 1 drivers
v000001dbe3b0fa30_0 .net "offset", 31 0, L_000001dbe3b1ea50;  alias, 1 drivers
L_000001dbe3b1d330 .arith/sum 32, v000001dbe3b0bd20_0, L_000001dbe3b1ea50;
S_000001dbe3b10be0 .scope module, "mainALU" "myALU" 5 158, 15 23 0, S_000001dbe3a2cb90;
 .timescale -9 -12;
    .port_info 0 /OUTPUT 32 "output_data";
    .port_info 1 /OUTPUT 1 "zero";
    .port_info 2 /INPUT 32 "sourceA";
    .port_info 3 /INPUT 32 "sourceB";
    .port_info 4 /INPUT 4 "ALUSel";
P_000001dbe3a90ed0 .param/l "word_size" 0 15 24, +C4<00000000000000000000000000100000>;
v000001dbe3b0f0d0_0 .net "ALUSel", 3 0, v000001dbe3a7ed00_0;  alias, 1 drivers
v000001dbe3b0fdf0_0 .var "output_data", 31 0;
v000001dbe3b0fe90_0 .net "sourceA", 31 0, v000001dbe3b0c040_0;  alias, 1 drivers
v000001dbe3b0f210_0 .net "sourceB", 31 0, v000001dbe3b0ad80_0;  alias, 1 drivers
v000001dbe3b0f350_0 .var "zero", 0 0;
E_000001dbe3a90810 .event anyedge, v000001dbe3a7ed00_0, v000001dbe3b0ad80_0, v000001dbe3b0c040_0;
S_000001dbe3b12350 .scope module, "read_sel_mux" "read_mux" 5 140, 16 23 0, S_000001dbe3a2cb90;
 .timescale -9 -12;
    .port_info 0 /OUTPUT 5 "output_data";
    .port_info 1 /INPUT 5 "input_data0";
    .port_info 2 /INPUT 5 "input_data1";
    .port_info 3 /INPUT 1 "select";
P_000001dbe3a902d0 .param/l "word_size" 0 16 24, +C4<00000000000000000000000000000101>;
v000001dbe3b10110_0 .net "input_data0", 4 0, L_000001dbe3b1d8d0;  1 drivers
v000001dbe3b10610_0 .net "input_data1", 4 0, L_000001dbe3b1eaf0;  1 drivers
v000001dbe3b0f2b0_0 .var "output_data", 4 0;
v000001dbe3b0fad0_0 .net "select", 0 0, v000001dbe3a7e440_0;  alias, 1 drivers
E_000001dbe3a90850 .event anyedge, v000001dbe3b10610_0, v000001dbe3b10110_0, v000001dbe3a7e440_0;
S_000001dbe3b116d0 .scope module, "write_data_mux" "mux_2bit" 5 141, 8 23 0, S_000001dbe3a2cb90;
 .timescale -9 -12;
    .port_info 0 /OUTPUT 32 "output_data";
    .port_info 1 /INPUT 32 "input_data0";
    .port_info 2 /INPUT 32 "input_data1";
    .port_info 3 /INPUT 32 "input_data2";
    .port_info 4 /INPUT 32 "input_data3";
    .port_info 5 /INPUT 2 "select";
P_000001dbe3a91010 .param/l "word_size" 0 8 24, +C4<00000000000000000000000000100000>;
v000001dbe3b0ec70_0 .net "input_data0", 31 0, L_000001dbe3b67540;  alias, 1 drivers
v000001dbe3b0ffd0_0 .net "input_data1", 31 0, L_000001dbe3a6eef0;  alias, 1 drivers
v000001dbe3b0f170_0 .net "input_data2", 31 0, L_000001dbe3b1e4b0;  1 drivers
v000001dbe3b106b0_0 .net "input_data3", 31 0, L_000001dbe3b1e5f0;  1 drivers
v000001dbe3b10750_0 .var "output_data", 31 0;
v000001dbe3b0f530_0 .net "select", 1 0, v000001dbe3a80100_0;  alias, 1 drivers
E_000001dbe3a90c90/0 .event anyedge, v000001dbe3a80100_0, v000001dbe3b106b0_0, v000001dbe3b0f170_0, v000001dbe3b0bfa0_0;
E_000001dbe3a90c90/1 .event anyedge, v000001dbe3a77360_0;
E_000001dbe3a90c90 .event/or E_000001dbe3a90c90/0, E_000001dbe3a90c90/1;
S_000001dbe3a37dc0 .scope module, "controllerTest" "controllerTest" 17 25;
 .timescale -9 -12;
v000001dbe3b1a490_0 .net "ALUSel", 3 0, v000001dbe3b12b50_0;  1 drivers
v000001dbe3b19b30_0 .net "ALUSrcA", 0 0, v000001dbe3b13af0_0;  1 drivers
v000001dbe3b1a990_0 .net "ALUSrcB", 1 0, v000001dbe3b13b90_0;  1 drivers
v000001dbe3b199f0_0 .net "DMEMWrite", 0 0, v000001dbe3b13c30_0;  1 drivers
v000001dbe3b1a030_0 .net "IRWrite", 0 0, v000001dbe3b1ad50_0;  1 drivers
v000001dbe3b1aad0_0 .net "MemtoReg", 1 0, v000001dbe3b19db0_0;  1 drivers
v000001dbe3b1aa30_0 .net "PCSource", 1 0, v000001dbe3b193b0_0;  1 drivers
v000001dbe3b1ab70_0 .net "PCWrite", 0 0, v000001dbe3b1a710_0;  1 drivers
v000001dbe3b1a350_0 .net "PCWriteCond", 0 0, v000001dbe3b19f90_0;  1 drivers
v000001dbe3b1adf0_0 .net "RegReadSel", 0 0, v000001dbe3b1a670_0;  1 drivers
v000001dbe3b19bd0_0 .net "RegWrite", 0 0, v000001dbe3b19130_0;  1 drivers
v000001dbe3b1a0d0_0 .var "clk", 0 0;
v000001dbe3b191d0_0 .var "opcode", 5 0;
v000001dbe3b1acb0_0 .var "reset", 0 0;
S_000001dbe3b119f0 .scope module, "uut" "controller" 17 46, 4 26 0, S_000001dbe3a37dc0;
 .timescale -9 -12;
    .port_info 0 /INPUT 6 "opcode";
    .port_info 1 /INPUT 1 "clk";
    .port_info 2 /INPUT 1 "reset";
    .port_info 3 /OUTPUT 1 "PCWrite";
    .port_info 4 /OUTPUT 1 "PCWriteCond";
    .port_info 5 /OUTPUT 1 "DMEMWrite";
    .port_info 6 /OUTPUT 1 "IRWrite";
    .port_info 7 /OUTPUT 2 "MemtoReg";
    .port_info 8 /OUTPUT 2 "PCSource";
    .port_info 9 /OUTPUT 4 "ALUSel";
    .port_info 10 /OUTPUT 1 "ALUSrcA";
    .port_info 11 /OUTPUT 2 "ALUSrcB";
    .port_info 12 /OUTPUT 1 "RegWrite";
    .port_info 13 /OUTPUT 1 "RegReadSel";
P_000001dbe3b14890 .param/l "ADDI" 0 4 72, C4<0010>;
P_000001dbe3b148c8 .param/l "ANDI" 0 4 75, C4<0101>;
P_000001dbe3b14900 .param/l "BR" 0 4 68, C4<10>;
P_000001dbe3b14938 .param/l "I" 0 4 69, C4<11>;
P_000001dbe3b14970 .param/l "ID" 0 4 50, C4<0001>;
P_000001dbe3b149a8 .param/l "IF" 0 4 49, C4<0000>;
P_000001dbe3b149e0 .param/l "J" 0 4 66, C4<00>;
P_000001dbe3b14a18 .param/l "LI" 0 4 78, C4<1001>;
P_000001dbe3b14a50 .param/l "LUI" 0 4 79, C4<1010>;
P_000001dbe3b14a88 .param/l "LWI" 0 4 80, C4<1011>;
P_000001dbe3b14ac0 .param/l "LWI_mem_read" 0 4 54, C4<0101>;
P_000001dbe3b14af8 .param/l "L_type_sign_ex" 0 4 52, C4<0011>;
P_000001dbe3b14b30 .param/l "L_type_zero_ex" 0 4 53, C4<0100>;
P_000001dbe3b14b68 .param/l "ORI" 0 4 74, C4<0100>;
P_000001dbe3b14ba0 .param/l "R" 0 4 67, C4<01>;
P_000001dbe3b14bd8 .param/l "R1_output" 0 4 63, C4<1110>;
P_000001dbe3b14c10 .param/l "R_type_ex" 0 4 51, C4<0010>;
P_000001dbe3b14c48 .param/l "SLTI" 0 4 77, C4<0111>;
P_000001dbe3b14c80 .param/l "SUBI" 0 4 73, C4<0011>;
P_000001dbe3b14cb8 .param/l "SWI" 0 4 81, C4<1100>;
P_000001dbe3b14cf0 .param/l "XORI" 0 4 76, C4<0110>;
P_000001dbe3b14d28 .param/l "branch" 0 4 60, C4<1011>;
P_000001dbe3b14d60 .param/l "jump" 0 4 61, C4<1100>;
P_000001dbe3b14d98 .param/l "reg_write_back_aluout" 0 4 55, C4<0110>;
P_000001dbe3b14dd0 .param/l "reg_write_back_li" 0 4 58, C4<1001>;
P_000001dbe3b14e08 .param/l "reg_write_back_lui" 0 4 59, C4<1010>;
P_000001dbe3b14e40 .param/l "reg_write_back_mdr" 0 4 56, C4<0111>;
P_000001dbe3b14e78 .param/l "sR" 0 4 62, C4<1101>;
P_000001dbe3b14eb0 .param/l "swi_mem_write" 0 4 57, C4<1000>;
v000001dbe3b12b50_0 .var "ALUSel", 3 0;
v000001dbe3b13af0_0 .var "ALUSrcA", 0 0;
v000001dbe3b13b90_0 .var "ALUSrcB", 1 0;
v000001dbe3b13c30_0 .var "DMEMWrite", 0 0;
v000001dbe3b1ad50_0 .var "IRWrite", 0 0;
v000001dbe3b19db0_0 .var "MemtoReg", 1 0;
v000001dbe3b193b0_0 .var "PCSource", 1 0;
v000001dbe3b1a710_0 .var "PCWrite", 0 0;
v000001dbe3b19f90_0 .var "PCWriteCond", 0 0;
v000001dbe3b1a670_0 .var "RegReadSel", 0 0;
v000001dbe3b19130_0 .var "RegWrite", 0 0;
v000001dbe3b1ac10_0 .net "clk", 0 0, v000001dbe3b1a0d0_0;  1 drivers
v000001dbe3b1a7b0_0 .net "opcode", 5 0, v000001dbe3b191d0_0;  1 drivers
v000001dbe3b1a850_0 .net "reset", 0 0, v000001dbe3b1acb0_0;  1 drivers
v000001dbe3b1a8f0_0 .var "state", 3 0;
E_000001dbe3a90310 .event posedge, v000001dbe3b1ac10_0;
S_000001dbe3a375b0 .scope module, "holding_reg_test" "holding_reg_test" 18 25;
 .timescale -9 -12;
v000001dbe3b1a210_0 .var "clk", 0 0;
v000001dbe3b19c70_0 .var "input_data", 31 0;
v000001dbe3b18ff0_0 .net "output_data", 31 0, L_000001dbe3b675b0;  1 drivers
v000001dbe3b19090_0 .var "reset", 0 0;
v000001dbe3b19310_0 .var "write", 0 0;
S_000001dbe3b11ea0 .scope module, "uut" "holding_reg" 18 37, 6 23 0, S_000001dbe3a375b0;
 .timescale -9 -12;
    .port_info 0 /OUTPUT 32 "output_data";
    .port_info 1 /INPUT 32 "input_data";
    .port_info 2 /INPUT 1 "write";
    .port_info 3 /INPUT 1 "clk";
    .port_info 4 /INPUT 1 "reset";
P_000001dbe3a903d0 .param/l "word_size" 0 6 25, +C4<00000000000000000000000000100000>;
L_000001dbe3b675b0 .functor BUFZ 32, v000001dbe3b1a530_0, C4<00000000000000000000000000000000>, C4<00000000000000000000000000000000>, C4<00000000000000000000000000000000>;
v000001dbe3b1a3f0_0 .net "clk", 0 0, v000001dbe3b1a210_0;  1 drivers
v000001dbe3b1a530_0 .var "content", 31 0;
v000001dbe3b1a170_0 .net "input_data", 31 0, v000001dbe3b19c70_0;  1 drivers
v000001dbe3b19810_0 .net "output_data", 31 0, L_000001dbe3b675b0;  alias, 1 drivers
v000001dbe3b19ef0_0 .net "reset", 0 0, v000001dbe3b19090_0;  1 drivers
v000001dbe3b19590_0 .net "write", 0 0, v000001dbe3b19310_0;  1 drivers
E_000001dbe3a90450 .event posedge, v000001dbe3b1a3f0_0;
S_000001dbe3a37740 .scope module, "jumpALU_test" "jumpALU_test" 19 25;
 .timescale -9 -12;
v000001dbe3b19450_0 .var "inputPC", 31 0;
v000001dbe3b19950_0 .net "jump_target", 31 0, L_000001dbe3b1d510;  1 drivers
v000001dbe3b1a2b0_0 .var "offset", 31 0;
S_000001dbe3b108c0 .scope module, "uut" "jumpALU" 19 35, 14 23 0, S_000001dbe3a37740;
 .timescale -9 -12;
    .port_info 0 /OUTPUT 32 "jump_target";
    .port_info 1 /INPUT 32 "inputPC";
    .port_info 2 /INPUT 32 "offset";
P_000001dbe3a90910 .param/l "word_size" 0 14 24, +C4<00000000000000000000000000100000>;
v000001dbe3b18f50_0 .net "inputPC", 31 0, v000001dbe3b19450_0;  1 drivers
v000001dbe3b19270_0 .net "jump_target", 31 0, L_000001dbe3b1d510;  alias, 1 drivers
v000001dbe3b198b0_0 .net "offset", 31 0, v000001dbe3b1a2b0_0;  1 drivers
L_000001dbe3b1d510 .arith/sum 32, v000001dbe3b19450_0, v000001dbe3b1a2b0_0;
S_000001dbe3a378d0 .scope module, "mux_1bit_test" "mux_1bit_test" 20 25;
 .timescale -9 -12;
v000001dbe3b19a90_0 .var "input_data0", 31 0;
v000001dbe3b19e50_0 .var "input_data1", 31 0;
v000001dbe3b19770_0 .net "output_data", 31 0, v000001dbe3b196d0_0;  1 drivers
v000001dbe3b1a5d0_0 .var "select", 0 0;
S_000001dbe3b10f00 .scope module, "uut" "mux_1bit" 20 36, 7 23 0, S_000001dbe3a378d0;
 .timescale -9 -12;
    .port_info 0 /OUTPUT 32 "output_data";
    .port_info 1 /INPUT 32 "input_data0";
    .port_info 2 /INPUT 32 "input_data1";
    .port_info 3 /INPUT 1 "select";
P_000001dbe3a97e50 .param/l "word_size" 0 7 24, +C4<00000000000000000000000000100000>;
v000001dbe3b194f0_0 .net "input_data0", 31 0, v000001dbe3b19a90_0;  1 drivers
v000001dbe3b19630_0 .net "input_data1", 31 0, v000001dbe3b19e50_0;  1 drivers
v000001dbe3b196d0_0 .var "output_data", 31 0;
v000001dbe3b19d10_0 .net "select", 0 0, v000001dbe3b1a5d0_0;  1 drivers
E_000001dbe3a2f410 .event anyedge, v000001dbe3b19630_0, v000001dbe3b194f0_0, v000001dbe3b19d10_0;
S_000001dbe3a37060 .scope module, "sign_extend_test" "sign_extend_test" 21 25;
 .timescale -9 -12;
v000001dbe3b1d0b0_0 .var "input_data", 15 0;
v000001dbe3b1e910_0 .net "output_data", 31 0, L_000001dbe3b1d470;  1 drivers
S_000001dbe3b10a50 .scope module, "uut" "sign_extend" 21 34, 12 23 0, S_000001dbe3a37060;
 .timescale -9 -12;
    .port_info 0 /INPUT 16 "input_data";
    .port_info 1 /OUTPUT 32 "output_data";
P_000001dbe3b1c760 .param/l "imm_size" 0 12 26, +C4<00000000000000000000000000010000>;
P_000001dbe3b1c798 .param/l "word_size" 0 12 25, +C4<00000000000000000000000000100000>;
v000001dbe3b1e370_0 .net "input_data", 15 0, v000001dbe3b1d0b0_0;  1 drivers
v000001dbe3b1e9b0_0 .net "output_data", 31 0, L_000001dbe3b1d470;  alias, 1 drivers
L_000001dbe3b1d470 .extend/s 32, v000001dbe3b1d0b0_0;
S_000001dbe3a371f0 .scope module, "zero_extend_test" "zero_extend_test" 22 25;
 .timescale -9 -12;
v000001dbe3b1d1f0_0 .var "input_data", 15 0;
v000001dbe3b1eb90_0 .net "output_data", 31 0, L_000001dbe3b1d5b0;  1 drivers
S_000001dbe3b10d70 .scope module, "uut" "zero_extend" 22 34, 13 23 0, S_000001dbe3a371f0;
 .timescale -9 -12;
    .port_info 0 /INPUT 16 "input_data";
    .port_info 1 /OUTPUT 32 "output_data";
P_000001dbe3b1b5e0 .param/l "imm_size" 0 13 26, +C4<00000000000000000000000000010000>;
P_000001dbe3b1b618 .param/l "word_size" 0 13 25, +C4<00000000000000000000000000100000>;
L_000001dbe3b1f1c0 .functor BUFT 1, C4<0000000000000000>, C4<0>, C4<0>, C4<0>;
v000001dbe3b1db50_0 .net *"_ivl_3", 15 0, L_000001dbe3b1f1c0;  1 drivers
v000001dbe3b1d150_0 .net "input_data", 15 0, v000001dbe3b1d1f0_0;  1 drivers
v000001dbe3b1e730_0 .net "output_data", 31 0, L_000001dbe3b1d5b0;  alias, 1 drivers
L_000001dbe3b1d5b0 .concat [ 16 16 0 0], v000001dbe3b1d1f0_0, L_000001dbe3b1f1c0;
    .scope S_000001dbe3b0cd40;
T_0 ;
    %wait E_000001dbe3a90390;
    %load/vec4 v000001dbe3b0bbe0_0;
    %dup/vec4;
    %pushi/vec4 0, 0, 32;
    %cmp/u;
    %jmp/1 T_0.0, 6;
    %dup/vec4;
    %pushi/vec4 1, 0, 32;
    %cmp/u;
    %jmp/1 T_0.1, 6;
    %dup/vec4;
    %pushi/vec4 2, 0, 32;
    %cmp/u;
    %jmp/1 T_0.2, 6;
    %dup/vec4;
    %pushi/vec4 3, 0, 32;
    %cmp/u;
    %jmp/1 T_0.3, 6;
    %dup/vec4;
    %pushi/vec4 4, 0, 32;
    %cmp/u;
    %jmp/1 T_0.4, 6;
    %dup/vec4;
    %pushi/vec4 5, 0, 32;
    %cmp/u;
    %jmp/1 T_0.5, 6;
    %dup/vec4;
    %pushi/vec4 6, 0, 32;
    %cmp/u;
    %jmp/1 T_0.6, 6;
    %dup/vec4;
    %pushi/vec4 7, 0, 32;
    %cmp/u;
    %jmp/1 T_0.7, 6;
    %dup/vec4;
    %pushi/vec4 8, 0, 32;
    %cmp/u;
    %jmp/1 T_0.8, 6;
    %dup/vec4;
    %pushi/vec4 9, 0, 32;
    %cmp/u;
    %jmp/1 T_0.9, 6;
    %dup/vec4;
    %pushi/vec4 10, 0, 32;
    %cmp/u;
    %jmp/1 T_0.10, 6;
    %dup/vec4;
    %pushi/vec4 11, 0, 32;
    %cmp/u;
    %jmp/1 T_0.11, 6;
    %dup/vec4;
    %pushi/vec4 12, 0, 32;
    %cmp/u;
    %jmp/1 T_0.12, 6;
    %dup/vec4;
    %pushi/vec4 13, 0, 32;
    %cmp/u;
    %jmp/1 T_0.13, 6;
    %dup/vec4;
    %pushi/vec4 14, 0, 32;
    %cmp/u;
    %jmp/1 T_0.14, 6;
    %dup/vec4;
    %pushi/vec4 15, 0, 32;
    %cmp/u;
    %jmp/1 T_0.15, 6;
    %dup/vec4;
    %pushi/vec4 16, 0, 32;
    %cmp/u;
    %jmp/1 T_0.16, 6;
    %dup/vec4;
    %pushi/vec4 17, 0, 32;
    %cmp/u;
    %jmp/1 T_0.17, 6;
    %dup/vec4;
    %pushi/vec4 18, 0, 32;
    %cmp/u;
    %jmp/1 T_0.18, 6;
    %dup/vec4;
    %pushi/vec4 19, 0, 32;
    %cmp/u;
    %jmp/1 T_0.19, 6;
    %dup/vec4;
    %pushi/vec4 20, 0, 32;
    %cmp/u;
    %jmp/1 T_0.20, 6;
    %dup/vec4;
    %pushi/vec4 21, 0, 32;
    %cmp/u;
    %jmp/1 T_0.21, 6;
    %dup/vec4;
    %pushi/vec4 22, 0, 32;
    %cmp/u;
    %jmp/1 T_0.22, 6;
    %pushi/vec4 0, 0, 32;
    %store/vec4 v000001dbe3b0b320_0, 0, 32;
    %jmp T_0.24;
T_0.0 ;
    %pushi/vec4 3825270783, 0, 32;
    %store/vec4 v000001dbe3b0b320_0, 0, 32;
    %jmp T_0.24;
T_0.1 ;
    %pushi/vec4 3892379647, 0, 32;
    %store/vec4 v000001dbe3b0b320_0, 0, 32;
    %jmp T_0.24;
T_0.2 ;
    %pushi/vec4 3827302400, 0, 32;
    %store/vec4 v000001dbe3b0b320_0, 0, 32;
    %jmp T_0.24;
T_0.3 ;
    %pushi/vec4 3894411264, 0, 32;
    %store/vec4 v000001dbe3b0b320_0, 0, 32;
    %jmp T_0.24;
T_0.4 ;
    %pushi/vec4 3829399554, 0, 32;
    %store/vec4 v000001dbe3b0b320_0, 0, 32;
    %jmp T_0.24;
T_0.5 ;
    %pushi/vec4 3896508416, 0, 32;
    %store/vec4 v000001dbe3b0b320_0, 0, 32;
    %jmp T_0.24;
T_0.6 ;
    %pushi/vec4 1214255104, 0, 32;
    %store/vec4 v000001dbe3b0b320_0, 0, 32;
    %jmp T_0.24;
T_0.7 ;
    %pushi/vec4 4032823301, 0, 32;
    %store/vec4 v000001dbe3b0b320_0, 0, 32;
    %jmp T_0.24;
T_0.8 ;
    %pushi/vec4 3961520133, 0, 32;
    %store/vec4 v000001dbe3b0b320_0, 0, 32;
    %jmp T_0.24;
T_0.9 ;
    %pushi/vec4 3873439744, 0, 32;
    %store/vec4 v000001dbe3b0b320_0, 0, 32;
    %jmp T_0.24;
T_0.10 ;
    %pushi/vec4 3355443201, 0, 32;
    %store/vec4 v000001dbe3b0b320_0, 0, 32;
    %jmp T_0.24;
T_0.11 ;
    %pushi/vec4 1608517632, 0, 32;
    %store/vec4 v000001dbe3b0b320_0, 0, 32;
    %jmp T_0.24;
T_0.12 ;
    %pushi/vec4 2151809021, 0, 32;
    %store/vec4 v000001dbe3b0b320_0, 0, 32;
    %jmp T_0.24;
T_0.13 ;
    %pushi/vec4 3873439747, 0, 32;
    %store/vec4 v000001dbe3b0b320_0, 0, 32;
    %jmp T_0.24;
T_0.14 ;
    %pushi/vec4 3407347713, 0, 32;
    %store/vec4 v000001dbe3b0b320_0, 0, 32;
    %jmp T_0.24;
T_0.15 ;
    %pushi/vec4 0, 0, 32;
    %store/vec4 v000001dbe3b0b320_0, 0, 32;
    %jmp T_0.24;
T_0.16 ;
    %pushi/vec4 3409510401, 0, 32;
    %store/vec4 v000001dbe3b0b320_0, 0, 32;
    %jmp T_0.24;
T_0.17 ;
    %pushi/vec4 0, 0, 32;
    %store/vec4 v000001dbe3b0b320_0, 0, 32;
    %jmp T_0.24;
T_0.18 ;
    %pushi/vec4 67108866, 0, 32;
    %store/vec4 v000001dbe3b0b320_0, 0, 32;
    %jmp T_0.24;
T_0.19 ;
    %pushi/vec4 3355443205, 0, 32;
    %store/vec4 v000001dbe3b0b320_0, 0, 32;
    %jmp T_0.24;
T_0.20 ;
    %pushi/vec4 3355443205, 0, 32;
    %store/vec4 v000001dbe3b0b320_0, 0, 32;
    %jmp T_0.24;
T_0.21 ;
    %pushi/vec4 3411673095, 0, 32;
    %store/vec4 v000001dbe3b0b320_0, 0, 32;
    %jmp T_0.24;
T_0.22 ;
    %pushi/vec4 0, 0, 32;
    %store/vec4 v000001dbe3b0b320_0, 0, 32;
    %jmp T_0.24;
T_0.24 ;
    %pop/vec4 1;
    %jmp T_0;
    .thread T_0, $push;
    .scope S_000001dbe3b0cbb0;
T_1 ;
    %wait E_000001dbe3a90f50;
    %load/vec4 v000001dbe3b0b000_0;
    %flag_set/vec4 8;
    %jmp/0xz  T_1.0, 8;
    %load/vec4 v000001dbe3b0bf00_0;
    %ix/getv 3, v000001dbe3b0c180_0;
    %ix/load 4, 5000, 0; Constant delay
    %assign/vec4/a/d v000001dbe3b0b8c0, 0, 4;
T_1.0 ;
    %jmp T_1;
    .thread T_1;
    .scope S_000001dbe3b0d380;
T_2 ;
    %wait E_000001dbe3a90f50;
    %load/vec4 v000001dbe3b0c360_0;
    %flag_set/vec4 8;
    %jmp/0xz  T_2.0, 8;
    %pushi/vec4 0, 0, 32;
    %assign/vec4 v000001dbe3b0c680_0, 0;
    %jmp T_2.1;
T_2.0 ;
    %load/vec4 v000001dbe3b0c400_0;
    %flag_set/vec4 8;
    %jmp/0xz  T_2.2, 8;
    %load/vec4 v000001dbe3b0b6e0_0;
    %assign/vec4 v000001dbe3b0c680_0, 0;
T_2.2 ;
T_2.1 ;
    %jmp T_2;
    .thread T_2;
    .scope S_000001dbe3b0d510;
T_3 ;
    %pushi/vec4 0, 0, 32;
    %store/vec4 v000001dbe3b0fd50_0, 0, 32;
T_3.0 ;
    %load/vec4 v000001dbe3b0fd50_0;
    %cmpi/s 32, 0, 32;
    %jmp/0xz T_3.1, 5;
    %pushi/vec4 0, 0, 32;
    %ix/getv/s 4, v000001dbe3b0fd50_0;
    %store/vec4a v000001dbe3b0eef0, 4, 0;
    %load/vec4 v000001dbe3b0fd50_0;
    %addi 1, 0, 32;
    %store/vec4 v000001dbe3b0fd50_0, 0, 32;
    %jmp T_3.0;
T_3.1 ;
    %end;
    .thread T_3;
    .scope S_000001dbe3b0d510;
T_4 ;
    %wait E_000001dbe3a90f50;
    %load/vec4 v000001dbe3b10430_0;
    %flag_set/vec4 8;
    %jmp/0xz  T_4.0, 8;
    %load/vec4 v000001dbe3b0f030_0;
    %load/vec4 v000001dbe3b0f5d0_0;
    %pad/u 7;
    %ix/vec4 3;
    %ix/load 4, 0, 0; Constant delay
    %assign/vec4/a/d v000001dbe3b0eef0, 0, 4;
T_4.0 ;
    %jmp T_4;
    .thread T_4;
    .scope S_000001dbe3b0ced0;
T_5 ;
    %wait E_000001dbe3a90f50;
    %load/vec4 v000001dbe3b0b140_0;
    %flag_set/vec4 8;
    %jmp/0xz  T_5.0, 8;
    %pushi/vec4 0, 0, 32;
    %assign/vec4 v000001dbe3b0bd20_0, 0;
    %jmp T_5.1;
T_5.0 ;
    %load/vec4 v000001dbe3b0b1e0_0;
    %flag_set/vec4 8;
    %jmp/0xz  T_5.2, 8;
    %load/vec4 v000001dbe3b0c0e0_0;
    %assign/vec4 v000001dbe3b0bd20_0, 0;
T_5.2 ;
T_5.1 ;
    %jmp T_5;
    .thread T_5;
    .scope S_000001dbe3b0d060;
T_6 ;
    %wait E_000001dbe3a90f50;
    %load/vec4 v000001dbe3b0be60_0;
    %flag_set/vec4 8;
    %jmp/0xz  T_6.0, 8;
    %pushi/vec4 0, 0, 32;
    %assign/vec4 v000001dbe3b0ac40_0, 0;
    %jmp T_6.1;
T_6.0 ;
    %load/vec4 v000001dbe3b0b0a0_0;
    %flag_set/vec4 8;
    %jmp/0xz  T_6.2, 8;
    %load/vec4 v000001dbe3b0c2c0_0;
    %assign/vec4 v000001dbe3b0ac40_0, 0;
T_6.2 ;
T_6.1 ;
    %jmp T_6;
    .thread T_6;
    .scope S_000001dbe3a26f10;
T_7 ;
    %wait E_000001dbe3a90f50;
    %load/vec4 v000001dbe3a76c80_0;
    %flag_set/vec4 8;
    %jmp/0xz  T_7.0, 8;
    %pushi/vec4 0, 0, 32;
    %assign/vec4 v000001dbe3a7e6c0_0, 0;
    %jmp T_7.1;
T_7.0 ;
    %load/vec4 v000001dbe3a777c0_0;
    %flag_set/vec4 8;
    %jmp/0xz  T_7.2, 8;
    %load/vec4 v000001dbe3a7e760_0;
    %assign/vec4 v000001dbe3a7e6c0_0, 0;
T_7.2 ;
T_7.1 ;
    %jmp T_7;
    .thread T_7;
    .scope S_000001dbe3a26bf0;
T_8 ;
    %wait E_000001dbe3a90f50;
    %load/vec4 v000001dbe3b0c5e0_0;
    %flag_set/vec4 8;
    %jmp/0xz  T_8.0, 8;
    %pushi/vec4 0, 0, 32;
    %assign/vec4 v000001dbe3b0b640_0, 0;
    %jmp T_8.1;
T_8.0 ;
    %load/vec4 v000001dbe3b0b500_0;
    %flag_set/vec4 8;
    %jmp/0xz  T_8.2, 8;
    %load/vec4 v000001dbe3b0aa60_0;
    %assign/vec4 v000001dbe3b0b640_0, 0;
T_8.2 ;
T_8.1 ;
    %jmp T_8;
    .thread T_8;
    .scope S_000001dbe3a270a0;
T_9 ;
    %wait E_000001dbe3a90f50;
    %load/vec4 v000001dbe3a77900_0;
    %flag_set/vec4 8;
    %jmp/0xz  T_9.0, 8;
    %pushi/vec4 0, 0, 32;
    %assign/vec4 v000001dbe3a77180_0, 0;
    %jmp T_9.1;
T_9.0 ;
    %load/vec4 v000001dbe3b0ba00_0;
    %flag_set/vec4 8;
    %jmp/0xz  T_9.2, 8;
    %load/vec4 v000001dbe3a77680_0;
    %assign/vec4 v000001dbe3a77180_0, 0;
T_9.2 ;
T_9.1 ;
    %jmp T_9;
    .thread T_9;
    .scope S_000001dbe3b12350;
T_10 ;
    %wait E_000001dbe3a90850;
    %load/vec4 v000001dbe3b0fad0_0;
    %dup/vec4;
    %pushi/vec4 0, 0, 1;
    %cmp/u;
    %jmp/1 T_10.0, 6;
    %dup/vec4;
    %pushi/vec4 1, 0, 1;
    %cmp/u;
    %jmp/1 T_10.1, 6;
    %pushi/vec4 0, 0, 5;
    %assign/vec4 v000001dbe3b0f2b0_0, 0;
    %jmp T_10.3;
T_10.0 ;
    %load/vec4 v000001dbe3b10110_0;
    %assign/vec4 v000001dbe3b0f2b0_0, 0;
    %jmp T_10.3;
T_10.1 ;
    %load/vec4 v000001dbe3b10610_0;
    %assign/vec4 v000001dbe3b0f2b0_0, 0;
    %jmp T_10.3;
T_10.3 ;
    %pop/vec4 1;
    %jmp T_10;
    .thread T_10, $push;
    .scope S_000001dbe3b116d0;
T_11 ;
    %wait E_000001dbe3a90c90;
    %load/vec4 v000001dbe3b0f530_0;
    %dup/vec4;
    %pushi/vec4 0, 0, 2;
    %cmp/u;
    %jmp/1 T_11.0, 6;
    %dup/vec4;
    %pushi/vec4 1, 0, 2;
    %cmp/u;
    %jmp/1 T_11.1, 6;
    %dup/vec4;
    %pushi/vec4 2, 0, 2;
    %cmp/u;
    %jmp/1 T_11.2, 6;
    %dup/vec4;
    %pushi/vec4 3, 0, 2;
    %cmp/u;
    %jmp/1 T_11.3, 6;
    %pushi/vec4 0, 0, 32;
    %assign/vec4 v000001dbe3b10750_0, 0;
    %jmp T_11.5;
T_11.0 ;
    %load/vec4 v000001dbe3b0ec70_0;
    %assign/vec4 v000001dbe3b10750_0, 0;
    %jmp T_11.5;
T_11.1 ;
    %load/vec4 v000001dbe3b0ffd0_0;
    %assign/vec4 v000001dbe3b10750_0, 0;
    %jmp T_11.5;
T_11.2 ;
    %load/vec4 v000001dbe3b0f170_0;
    %assign/vec4 v000001dbe3b10750_0, 0;
    %jmp T_11.5;
T_11.3 ;
    %load/vec4 v000001dbe3b106b0_0;
    %assign/vec4 v000001dbe3b10750_0, 0;
    %jmp T_11.5;
T_11.5 ;
    %pop/vec4 1;
    %jmp T_11;
    .thread T_11, $push;
    .scope S_000001dbe3a268d0;
T_12 ;
    %wait E_000001dbe3a90a90;
    %load/vec4 v000001dbe3b0b5a0_0;
    %dup/vec4;
    %pushi/vec4 0, 0, 1;
    %cmp/u;
    %jmp/1 T_12.0, 6;
    %dup/vec4;
    %pushi/vec4 1, 0, 1;
    %cmp/u;
    %jmp/1 T_12.1, 6;
    %pushi/vec4 0, 0, 32;
    %assign/vec4 v000001dbe3b0c040_0, 0;
    %jmp T_12.3;
T_12.0 ;
    %load/vec4 v000001dbe3b0ace0_0;
    %assign/vec4 v000001dbe3b0c040_0, 0;
    %jmp T_12.3;
T_12.1 ;
    %load/vec4 v000001dbe3b0baa0_0;
    %assign/vec4 v000001dbe3b0c040_0, 0;
    %jmp T_12.3;
T_12.3 ;
    %pop/vec4 1;
    %jmp T_12;
    .thread T_12, $push;
    .scope S_000001dbe3a26a60;
T_13 ;
    %wait E_000001dbe3a90710;
    %load/vec4 v000001dbe3b0ae20_0;
    %dup/vec4;
    %pushi/vec4 0, 0, 2;
    %cmp/u;
    %jmp/1 T_13.0, 6;
    %dup/vec4;
    %pushi/vec4 1, 0, 2;
    %cmp/u;
    %jmp/1 T_13.1, 6;
    %dup/vec4;
    %pushi/vec4 2, 0, 2;
    %cmp/u;
    %jmp/1 T_13.2, 6;
    %dup/vec4;
    %pushi/vec4 3, 0, 2;
    %cmp/u;
    %jmp/1 T_13.3, 6;
    %pushi/vec4 0, 0, 32;
    %assign/vec4 v000001dbe3b0ad80_0, 0;
    %jmp T_13.5;
T_13.0 ;
    %load/vec4 v000001dbe3b0bb40_0;
    %assign/vec4 v000001dbe3b0ad80_0, 0;
    %jmp T_13.5;
T_13.1 ;
    %load/vec4 v000001dbe3b0c540_0;
    %assign/vec4 v000001dbe3b0ad80_0, 0;
    %jmp T_13.5;
T_13.2 ;
    %load/vec4 v000001dbe3b0b460_0;
    %assign/vec4 v000001dbe3b0ad80_0, 0;
    %jmp T_13.5;
T_13.3 ;
    %load/vec4 v000001dbe3b0af60_0;
    %assign/vec4 v000001dbe3b0ad80_0, 0;
    %jmp T_13.5;
T_13.5 ;
    %pop/vec4 1;
    %jmp T_13;
    .thread T_13, $push;
    .scope S_000001dbe3b0c890;
T_14 ;
    %wait E_000001dbe3a90c50;
    %load/vec4 v000001dbe3b0b960_0;
    %dup/vec4;
    %pushi/vec4 0, 0, 2;
    %cmp/u;
    %jmp/1 T_14.0, 6;
    %dup/vec4;
    %pushi/vec4 1, 0, 2;
    %cmp/u;
    %jmp/1 T_14.1, 6;
    %dup/vec4;
    %pushi/vec4 2, 0, 2;
    %cmp/u;
    %jmp/1 T_14.2, 6;
    %dup/vec4;
    %pushi/vec4 3, 0, 2;
    %cmp/u;
    %jmp/1 T_14.3, 6;
    %pushi/vec4 0, 0, 32;
    %assign/vec4 v000001dbe3b0b3c0_0, 0;
    %jmp T_14.5;
T_14.0 ;
    %load/vec4 v000001dbe3b0ab00_0;
    %assign/vec4 v000001dbe3b0b3c0_0, 0;
    %jmp T_14.5;
T_14.1 ;
    %load/vec4 v000001dbe3b0bdc0_0;
    %assign/vec4 v000001dbe3b0b3c0_0, 0;
    %jmp T_14.5;
T_14.2 ;
    %load/vec4 v000001dbe3b0a9c0_0;
    %assign/vec4 v000001dbe3b0b3c0_0, 0;
    %jmp T_14.5;
T_14.3 ;
    %load/vec4 v000001dbe3b0b280_0;
    %assign/vec4 v000001dbe3b0b3c0_0, 0;
    %jmp T_14.5;
T_14.5 ;
    %pop/vec4 1;
    %jmp T_14;
    .thread T_14, $push;
    .scope S_000001dbe3b10be0;
T_15 ;
    %wait E_000001dbe3a90810;
    %load/vec4 v000001dbe3b0f0d0_0;
    %dup/vec4;
    %pushi/vec4 0, 0, 4;
    %cmp/u;
    %jmp/1 T_15.0, 6;
    %dup/vec4;
    %pushi/vec4 1, 0, 4;
    %cmp/u;
    %jmp/1 T_15.1, 6;
    %dup/vec4;
    %pushi/vec4 2, 0, 4;
    %cmp/u;
    %jmp/1 T_15.2, 6;
    %dup/vec4;
    %pushi/vec4 3, 0, 4;
    %cmp/u;
    %jmp/1 T_15.3, 6;
    %dup/vec4;
    %pushi/vec4 4, 0, 4;
    %cmp/u;
    %jmp/1 T_15.4, 6;
    %dup/vec4;
    %pushi/vec4 5, 0, 4;
    %cmp/u;
    %jmp/1 T_15.5, 6;
    %dup/vec4;
    %pushi/vec4 6, 0, 4;
    %cmp/u;
    %jmp/1 T_15.6, 6;
    %dup/vec4;
    %pushi/vec4 7, 0, 4;
    %cmp/u;
    %jmp/1 T_15.7, 6;
    %pushi/vec4 0, 0, 32;
    %store/vec4 v000001dbe3b0fdf0_0, 0, 32;
    %jmp T_15.9;
T_15.0 ;
    %load/vec4 v000001dbe3b0fe90_0;
    %store/vec4 v000001dbe3b0fdf0_0, 0, 32;
    %jmp T_15.9;
T_15.1 ;
    %load/vec4 v000001dbe3b0fe90_0;
    %inv;
    %store/vec4 v000001dbe3b0fdf0_0, 0, 32;
    %jmp T_15.9;
T_15.2 ;
    %load/vec4 v000001dbe3b0fe90_0;
    %load/vec4 v000001dbe3b0f210_0;
    %add;
    %store/vec4 v000001dbe3b0fdf0_0, 0, 32;
    %jmp T_15.9;
T_15.3 ;
    %load/vec4 v000001dbe3b0fe90_0;
    %load/vec4 v000001dbe3b0f210_0;
    %sub;
    %store/vec4 v000001dbe3b0fdf0_0, 0, 32;
    %load/vec4 v000001dbe3b0fe90_0;
    %load/vec4 v000001dbe3b0f210_0;
    %sub;
    %cmpi/e 0, 0, 32;
    %jmp/0xz  T_15.10, 4;
    %pushi/vec4 1, 0, 1;
    %store/vec4 v000001dbe3b0f350_0, 0, 1;
    %jmp T_15.11;
T_15.10 ;
    %pushi/vec4 0, 0, 1;
    %store/vec4 v000001dbe3b0f350_0, 0, 1;
T_15.11 ;
    %jmp T_15.9;
T_15.4 ;
    %load/vec4 v000001dbe3b0fe90_0;
    %load/vec4 v000001dbe3b0f210_0;
    %or;
    %store/vec4 v000001dbe3b0fdf0_0, 0, 32;
    %jmp T_15.9;
T_15.5 ;
    %load/vec4 v000001dbe3b0fe90_0;
    %load/vec4 v000001dbe3b0f210_0;
    %and;
    %store/vec4 v000001dbe3b0fdf0_0, 0, 32;
    %jmp T_15.9;
T_15.6 ;
    %load/vec4 v000001dbe3b0fe90_0;
    %load/vec4 v000001dbe3b0f210_0;
    %xor;
    %store/vec4 v000001dbe3b0fdf0_0, 0, 32;
    %jmp T_15.9;
T_15.7 ;
    %load/vec4 v000001dbe3b0fe90_0;
    %load/vec4 v000001dbe3b0f210_0;
    %cmp/s;
    %flag_mov 8, 5;
    %jmp/0 T_15.12, 8;
    %pushi/vec4 1, 0, 32;
    %jmp/1 T_15.13, 8;
T_15.12 ; End of true expr.
    %pushi/vec4 0, 0, 32;
    %jmp/0 T_15.13, 8;
 ; End of false expr.
    %blend;
T_15.13;
    %store/vec4 v000001dbe3b0fdf0_0, 0, 32;
    %jmp T_15.9;
T_15.9 ;
    %pop/vec4 1;
    %jmp T_15;
    .thread T_15, $push;
    .scope S_000001dbe3a2c910;
T_16 ;
    %wait E_000001dbe3a90f50;
    %load/vec4 v000001dbe3a7e580_0;
    %flag_set/vec4 8;
    %jmp/0xz  T_16.0, 8;
    %pushi/vec4 1, 0, 1;
    %assign/vec4 v000001dbe3a7e260_0, 0;
    %pushi/vec4 0, 0, 1;
    %assign/vec4 v000001dbe3a7f160_0, 0;
    %pushi/vec4 0, 0, 1;
    %assign/vec4 v000001dbe3a7fca0_0, 0;
    %pushi/vec4 0, 0, 1;
    %assign/vec4 v000001dbe3a7ee40_0, 0;
    %pushi/vec4 0, 0, 2;
    %assign/vec4 v000001dbe3a80100_0, 0;
    %pushi/vec4 3, 0, 2;
    %assign/vec4 v000001dbe3a7ef80_0, 0;
    %pushi/vec4 0, 0, 4;
    %assign/vec4 v000001dbe3a7ed00_0, 0;
    %pushi/vec4 0, 0, 1;
    %assign/vec4 v000001dbe3a7f980_0, 0;
    %pushi/vec4 0, 0, 2;
    %assign/vec4 v000001dbe3a7fac0_0, 0;
    %pushi/vec4 0, 0, 1;
    %assign/vec4 v000001dbe3a7eda0_0, 0;
    %pushi/vec4 13, 0, 4;
    %assign/vec4 v000001dbe3a7e800_0, 0;
    %jmp T_16.1;
T_16.0 ;
    %load/vec4 v000001dbe3a7e800_0;
    %dup/vec4;
    %pushi/vec4 13, 0, 4;
    %cmp/u;
    %jmp/1 T_16.2, 6;
    %dup/vec4;
    %pushi/vec4 0, 0, 4;
    %cmp/u;
    %jmp/1 T_16.3, 6;
    %dup/vec4;
    %pushi/vec4 1, 0, 4;
    %cmp/u;
    %jmp/1 T_16.4, 6;
    %dup/vec4;
    %pushi/vec4 2, 0, 4;
    %cmp/u;
    %jmp/1 T_16.5, 6;
    %dup/vec4;
    %pushi/vec4 3, 0, 4;
    %cmp/u;
    %jmp/1 T_16.6, 6;
    %dup/vec4;
    %pushi/vec4 4, 0, 4;
    %cmp/u;
    %jmp/1 T_16.7, 6;
    %dup/vec4;
    %pushi/vec4 5, 0, 4;
    %cmp/u;
    %jmp/1 T_16.8, 6;
    %dup/vec4;
    %pushi/vec4 6, 0, 4;
    %cmp/u;
    %jmp/1 T_16.9, 6;
    %dup/vec4;
    %pushi/vec4 7, 0, 4;
    %cmp/u;
    %jmp/1 T_16.10, 6;
    %dup/vec4;
    %pushi/vec4 8, 0, 4;
    %cmp/u;
    %jmp/1 T_16.11, 6;
    %dup/vec4;
    %pushi/vec4 9, 0, 4;
    %cmp/u;
    %jmp/1 T_16.12, 6;
    %dup/vec4;
    %pushi/vec4 10, 0, 4;
    %cmp/u;
    %jmp/1 T_16.13, 6;
    %dup/vec4;
    %pushi/vec4 11, 0, 4;
    %cmp/u;
    %jmp/1 T_16.14, 6;
    %dup/vec4;
    %pushi/vec4 12, 0, 4;
    %cmp/u;
    %jmp/1 T_16.15, 6;
    %dup/vec4;
    %pushi/vec4 14, 0, 4;
    %cmp/u;
    %jmp/1 T_16.16, 6;
    %pushi/vec4 1, 0, 1;
    %assign/vec4 v000001dbe3a7e260_0, 0;
    %pushi/vec4 0, 0, 1;
    %assign/vec4 v000001dbe3a7fca0_0, 0;
    %pushi/vec4 1, 0, 1;
    %assign/vec4 v000001dbe3a7ee40_0, 0;
    %pushi/vec4 0, 0, 2;
    %assign/vec4 v000001dbe3a7ef80_0, 0;
    %pushi/vec4 2, 0, 4;
    %assign/vec4 v000001dbe3a7ed00_0, 0;
    %pushi/vec4 0, 0, 1;
    %assign/vec4 v000001dbe3a7f980_0, 0;
    %pushi/vec4 1, 0, 2;
    %assign/vec4 v000001dbe3a7fac0_0, 0;
    %pushi/vec4 0, 0, 1;
    %assign/vec4 v000001dbe3a7eda0_0, 0;
    %pushi/vec4 0, 0, 1;
    %assign/vec4 v000001dbe3a7f160_0, 0;
    %pushi/vec4 0, 0, 4;
    %assign/vec4 v000001dbe3a7e800_0, 0;
    %jmp T_16.18;
T_16.2 ;
    %pushi/vec4 1, 0, 1;
    %assign/vec4 v000001dbe3a7e260_0, 0;
    %pushi/vec4 0, 0, 1;
    %assign/vec4 v000001dbe3a7fca0_0, 0;
    %pushi/vec4 1, 0, 1;
    %assign/vec4 v000001dbe3a7ee40_0, 0;
    %pushi/vec4 0, 0, 2;
    %assign/vec4 v000001dbe3a7ef80_0, 0;
    %pushi/vec4 2, 0, 4;
    %assign/vec4 v000001dbe3a7ed00_0, 0;
    %pushi/vec4 0, 0, 1;
    %assign/vec4 v000001dbe3a7f980_0, 0;
    %pushi/vec4 1, 0, 2;
    %assign/vec4 v000001dbe3a7fac0_0, 0;
    %pushi/vec4 0, 0, 1;
    %assign/vec4 v000001dbe3a7eda0_0, 0;
    %pushi/vec4 0, 0, 1;
    %assign/vec4 v000001dbe3a7f160_0, 0;
    %pushi/vec4 0, 0, 4;
    %assign/vec4 v000001dbe3a7e800_0, 0;
    %jmp T_16.18;
T_16.3 ;
    %pushi/vec4 0, 0, 1;
    %assign/vec4 v000001dbe3a7e260_0, 0;
    %pushi/vec4 0, 0, 1;
    %assign/vec4 v000001dbe3a7fca0_0, 0;
    %pushi/vec4 0, 0, 1;
    %assign/vec4 v000001dbe3a7ee40_0, 0;
    %pushi/vec4 2, 0, 4;
    %assign/vec4 v000001dbe3a7ed00_0, 0;
    %pushi/vec4 0, 0, 1;
    %assign/vec4 v000001dbe3a7f980_0, 0;
    %pushi/vec4 2, 0, 2;
    %assign/vec4 v000001dbe3a7fac0_0, 0;
    %pushi/vec4 0, 0, 1;
    %assign/vec4 v000001dbe3a7eda0_0, 0;
    %pushi/vec4 0, 0, 1;
    %assign/vec4 v000001dbe3a7e440_0, 0;
    %pushi/vec4 1, 0, 4;
    %assign/vec4 v000001dbe3a7e800_0, 0;
    %jmp T_16.18;
T_16.4 ;
    %load/vec4 v000001dbe3a7f5c0_0;
    %parti/s 2, 4, 4;
    %dup/vec4;
    %pushi/vec4 1, 0, 2;
    %cmp/u;
    %jmp/1 T_16.19, 6;
    %dup/vec4;
    %pushi/vec4 0, 0, 2;
    %cmp/u;
    %jmp/1 T_16.20, 6;
    %dup/vec4;
    %pushi/vec4 2, 0, 2;
    %cmp/u;
    %jmp/1 T_16.21, 6;
    %dup/vec4;
    %pushi/vec4 3, 0, 2;
    %cmp/u;
    %jmp/1 T_16.22, 6;
    %jmp T_16.23;
T_16.19 ;
    %pushi/vec4 0, 0, 1;
    %assign/vec4 v000001dbe3a7e260_0, 0;
    %pushi/vec4 0, 0, 1;
    %assign/vec4 v000001dbe3a7fca0_0, 0;
    %pushi/vec4 0, 0, 1;
    %assign/vec4 v000001dbe3a7ee40_0, 0;
    %load/vec4 v000001dbe3a7f5c0_0;
    %parti/s 4, 0, 2;
    %assign/vec4 v000001dbe3a7ed00_0, 0;
    %pushi/vec4 1, 0, 1;
    %assign/vec4 v000001dbe3a7f980_0, 0;
    %pushi/vec4 0, 0, 2;
    %assign/vec4 v000001dbe3a7fac0_0, 0;
    %pushi/vec4 0, 0, 1;
    %assign/vec4 v000001dbe3a7eda0_0, 0;
    %pushi/vec4 2, 0, 4;
    %assign/vec4 v000001dbe3a7e800_0, 0;
    %jmp T_16.23;
T_16.20 ;
    %load/vec4 v000001dbe3a7f5c0_0;
    %parti/s 4, 0, 2;
    %cmpi/e 0, 0, 4;
    %jmp/0xz  T_16.24, 4;
    %pushi/vec4 1, 0, 1;
    %assign/vec4 v000001dbe3a7e260_0, 0;
    %pushi/vec4 0, 0, 1;
    %assign/vec4 v000001dbe3a7fca0_0, 0;
    %pushi/vec4 1, 0, 1;
    %assign/vec4 v000001dbe3a7ee40_0, 0;
    %pushi/vec4 0, 0, 2;
    %assign/vec4 v000001dbe3a7ef80_0, 0;
    %pushi/vec4 2, 0, 4;
    %assign/vec4 v000001dbe3a7ed00_0, 0;
    %pushi/vec4 0, 0, 1;
    %assign/vec4 v000001dbe3a7f980_0, 0;
    %pushi/vec4 1, 0, 2;
    %assign/vec4 v000001dbe3a7fac0_0, 0;
    %pushi/vec4 0, 0, 1;
    %assign/vec4 v000001dbe3a7eda0_0, 0;
    %pushi/vec4 0, 0, 1;
    %assign/vec4 v000001dbe3a7f160_0, 0;
    %pushi/vec4 0, 0, 4;
    %assign/vec4 v000001dbe3a7e800_0, 0;
    %jmp T_16.25;
T_16.24 ;
    %pushi/vec4 1, 0, 1;
    %assign/vec4 v000001dbe3a7e260_0, 0;
    %pushi/vec4 0, 0, 1;
    %assign/vec4 v000001dbe3a7fca0_0, 0;
    %pushi/vec4 0, 0, 1;
    %assign/vec4 v000001dbe3a7ee40_0, 0;
    %pushi/vec4 2, 0, 2;
    %assign/vec4 v000001dbe3a7ef80_0, 0;
    %pushi/vec4 0, 0, 1;
    %assign/vec4 v000001dbe3a7eda0_0, 0;
    %pushi/vec4 12, 0, 4;
    %assign/vec4 v000001dbe3a7e800_0, 0;
T_16.25 ;
    %jmp T_16.23;
T_16.21 ;
    %pushi/vec4 0, 0, 1;
    %assign/vec4 v000001dbe3a7e260_0, 0;
    %pushi/vec4 0, 0, 1;
    %assign/vec4 v000001dbe3a7fca0_0, 0;
    %pushi/vec4 0, 0, 1;
    %assign/vec4 v000001dbe3a7ee40_0, 0;
    %pushi/vec4 2, 0, 4;
    %assign/vec4 v000001dbe3a7ed00_0, 0;
    %pushi/vec4 0, 0, 1;
    %assign/vec4 v000001dbe3a7f980_0, 0;
    %pushi/vec4 2, 0, 2;
    %assign/vec4 v000001dbe3a7fac0_0, 0;
    %pushi/vec4 0, 0, 1;
    %assign/vec4 v000001dbe3a7eda0_0, 0;
    %pushi/vec4 1, 0, 1;
    %assign/vec4 v000001dbe3a7e440_0, 0;
    %pushi/vec4 14, 0, 4;
    %assign/vec4 v000001dbe3a7e800_0, 0;
    %jmp T_16.23;
T_16.22 ;
    %load/vec4 v000001dbe3a7f5c0_0;
    %parti/s 4, 0, 2;
    %cmpi/e 2, 0, 4;
    %flag_mov 8, 4;
    %load/vec4 v000001dbe3a7f5c0_0;
    %parti/s 4, 0, 2;
    %cmpi/e 3, 0, 4;
    %flag_or 4, 8;
    %flag_mov 8, 4;
    %load/vec4 v000001dbe3a7f5c0_0;
    %parti/s 4, 0, 2;
    %cmpi/e 7, 0, 4;
    %flag_or 4, 8;
    %jmp/0xz  T_16.26, 4;
    %pushi/vec4 0, 0, 1;
    %assign/vec4 v000001dbe3a7e260_0, 0;
    %pushi/vec4 0, 0, 1;
    %assign/vec4 v000001dbe3a7fca0_0, 0;
    %pushi/vec4 0, 0, 1;
    %assign/vec4 v000001dbe3a7ee40_0, 0;
    %load/vec4 v000001dbe3a7f5c0_0;
    %parti/s 4, 0, 2;
    %assign/vec4 v000001dbe3a7ed00_0, 0;
    %pushi/vec4 1, 0, 1;
    %assign/vec4 v000001dbe3a7f980_0, 0;
    %pushi/vec4 2, 0, 2;
    %assign/vec4 v000001dbe3a7fac0_0, 0;
    %pushi/vec4 0, 0, 1;
    %assign/vec4 v000001dbe3a7eda0_0, 0;
    %pushi/vec4 3, 0, 4;
    %assign/vec4 v000001dbe3a7e800_0, 0;
    %jmp T_16.27;
T_16.26 ;
    %load/vec4 v000001dbe3a7f5c0_0;
    %parti/s 4, 0, 2;
    %cmpi/e 4, 0, 4;
    %flag_mov 8, 4;
    %load/vec4 v000001dbe3a7f5c0_0;
    %parti/s 4, 0, 2;
    %cmpi/e 5, 0, 4;
    %flag_or 4, 8;
    %flag_mov 8, 4;
    %load/vec4 v000001dbe3a7f5c0_0;
    %parti/s 4, 0, 2;
    %cmpi/e 6, 0, 4;
    %flag_or 4, 8;
    %jmp/0xz  T_16.28, 4;
    %pushi/vec4 0, 0, 1;
    %assign/vec4 v000001dbe3a7e260_0, 0;
    %pushi/vec4 0, 0, 1;
    %assign/vec4 v000001dbe3a7fca0_0, 0;
    %pushi/vec4 0, 0, 1;
    %assign/vec4 v000001dbe3a7ee40_0, 0;
    %load/vec4 v000001dbe3a7f5c0_0;
    %parti/s 4, 0, 2;
    %assign/vec4 v000001dbe3a7ed00_0, 0;
    %pushi/vec4 1, 0, 1;
    %assign/vec4 v000001dbe3a7f980_0, 0;
    %pushi/vec4 3, 0, 2;
    %assign/vec4 v000001dbe3a7fac0_0, 0;
    %pushi/vec4 0, 0, 1;
    %assign/vec4 v000001dbe3a7eda0_0, 0;
    %pushi/vec4 4, 0, 4;
    %assign/vec4 v000001dbe3a7e800_0, 0;
    %jmp T_16.29;
T_16.28 ;
    %load/vec4 v000001dbe3a7f5c0_0;
    %parti/s 4, 0, 2;
    %cmpi/e 11, 0, 4;
    %jmp/0xz  T_16.30, 4;
    %pushi/vec4 0, 0, 1;
    %assign/vec4 v000001dbe3a7e260_0, 0;
    %pushi/vec4 0, 0, 1;
    %assign/vec4 v000001dbe3a7fca0_0, 0;
    %pushi/vec4 0, 0, 1;
    %assign/vec4 v000001dbe3a7ee40_0, 0;
    %pushi/vec4 0, 0, 1;
    %assign/vec4 v000001dbe3a7eda0_0, 0;
    %pushi/vec4 5, 0, 4;
    %assign/vec4 v000001dbe3a7e800_0, 0;
    %jmp T_16.31;
T_16.30 ;
    %load/vec4 v000001dbe3a7f5c0_0;
    %parti/s 4, 0, 2;
    %cmpi/e 9, 0, 4;
    %flag_mov 8, 4;
    %load/vec4 v000001dbe3a7f5c0_0;
    %parti/s 4, 0, 2;
    %cmpi/e 10, 0, 4;
    %flag_or 4, 8;
    %flag_mov 8, 4;
    %load/vec4 v000001dbe3a7f5c0_0;
    %parti/s 4, 0, 2;
    %cmpi/e 12, 0, 4;
    %flag_or 4, 8;
    %jmp/0xz  T_16.32, 4;
    %pushi/vec4 0, 0, 1;
    %assign/vec4 v000001dbe3a7e260_0, 0;
    %pushi/vec4 0, 0, 1;
    %assign/vec4 v000001dbe3a7fca0_0, 0;
    %pushi/vec4 0, 0, 1;
    %assign/vec4 v000001dbe3a7ee40_0, 0;
    %pushi/vec4 2, 0, 4;
    %assign/vec4 v000001dbe3a7ed00_0, 0;
    %pushi/vec4 0, 0, 1;
    %assign/vec4 v000001dbe3a7f980_0, 0;
    %pushi/vec4 2, 0, 2;
    %assign/vec4 v000001dbe3a7fac0_0, 0;
    %pushi/vec4 0, 0, 1;
    %assign/vec4 v000001dbe3a7eda0_0, 0;
    %pushi/vec4 1, 0, 1;
    %assign/vec4 v000001dbe3a7e440_0, 0;
    %pushi/vec4 14, 0, 4;
    %assign/vec4 v000001dbe3a7e800_0, 0;
T_16.32 ;
T_16.31 ;
T_16.29 ;
T_16.27 ;
    %jmp T_16.23;
T_16.23 ;
    %pop/vec4 1;
    %jmp T_16.18;
T_16.5 ;
    %pushi/vec4 0, 0, 1;
    %assign/vec4 v000001dbe3a7e260_0, 0;
    %pushi/vec4 0, 0, 1;
    %assign/vec4 v000001dbe3a7fca0_0, 0;
    %pushi/vec4 0, 0, 1;
    %assign/vec4 v000001dbe3a7ee40_0, 0;
    %pushi/vec4 0, 0, 2;
    %assign/vec4 v000001dbe3a80100_0, 0;
    %pushi/vec4 1, 0, 1;
    %assign/vec4 v000001dbe3a7eda0_0, 0;
    %pushi/vec4 6, 0, 4;
    %assign/vec4 v000001dbe3a7e800_0, 0;
    %jmp T_16.18;
T_16.6 ;
    %pushi/vec4 0, 0, 1;
    %assign/vec4 v000001dbe3a7e260_0, 0;
    %pushi/vec4 0, 0, 1;
    %assign/vec4 v000001dbe3a7fca0_0, 0;
    %pushi/vec4 0, 0, 1;
    %assign/vec4 v000001dbe3a7ee40_0, 0;
    %pushi/vec4 0, 0, 2;
    %assign/vec4 v000001dbe3a80100_0, 0;
    %pushi/vec4 1, 0, 1;
    %assign/vec4 v000001dbe3a7eda0_0, 0;
    %pushi/vec4 6, 0, 4;
    %assign/vec4 v000001dbe3a7e800_0, 0;
    %jmp T_16.18;
T_16.7 ;
    %pushi/vec4 0, 0, 1;
    %assign/vec4 v000001dbe3a7e260_0, 0;
    %pushi/vec4 0, 0, 1;
    %assign/vec4 v000001dbe3a7fca0_0, 0;
    %pushi/vec4 0, 0, 1;
    %assign/vec4 v000001dbe3a7ee40_0, 0;
    %pushi/vec4 0, 0, 2;
    %assign/vec4 v000001dbe3a80100_0, 0;
    %pushi/vec4 1, 0, 1;
    %assign/vec4 v000001dbe3a7eda0_0, 0;
    %pushi/vec4 6, 0, 4;
    %assign/vec4 v000001dbe3a7e800_0, 0;
    %jmp T_16.18;
T_16.8 ;
    %pushi/vec4 0, 0, 1;
    %assign/vec4 v000001dbe3a7e260_0, 0;
    %pushi/vec4 0, 0, 1;
    %assign/vec4 v000001dbe3a7fca0_0, 0;
    %pushi/vec4 0, 0, 1;
    %assign/vec4 v000001dbe3a7ee40_0, 0;
    %pushi/vec4 1, 0, 2;
    %assign/vec4 v000001dbe3a80100_0, 0;
    %pushi/vec4 1, 0, 1;
    %assign/vec4 v000001dbe3a7eda0_0, 0;
    %pushi/vec4 7, 0, 4;
    %assign/vec4 v000001dbe3a7e800_0, 0;
    %jmp T_16.18;
T_16.9 ;
    %pushi/vec4 1, 0, 1;
    %assign/vec4 v000001dbe3a7e260_0, 0;
    %pushi/vec4 0, 0, 1;
    %assign/vec4 v000001dbe3a7fca0_0, 0;
    %pushi/vec4 1, 0, 1;
    %assign/vec4 v000001dbe3a7ee40_0, 0;
    %pushi/vec4 0, 0, 2;
    %assign/vec4 v000001dbe3a7ef80_0, 0;
    %pushi/vec4 2, 0, 4;
    %assign/vec4 v000001dbe3a7ed00_0, 0;
    %pushi/vec4 0, 0, 1;
    %assign/vec4 v000001dbe3a7f980_0, 0;
    %pushi/vec4 1, 0, 2;
    %assign/vec4 v000001dbe3a7fac0_0, 0;
    %pushi/vec4 0, 0, 1;
    %assign/vec4 v000001dbe3a7eda0_0, 0;
    %pushi/vec4 0, 0, 1;
    %assign/vec4 v000001dbe3a7f160_0, 0;
    %pushi/vec4 0, 0, 4;
    %assign/vec4 v000001dbe3a7e800_0, 0;
    %jmp T_16.18;
T_16.10 ;
    %pushi/vec4 1, 0, 1;
    %assign/vec4 v000001dbe3a7e260_0, 0;
    %pushi/vec4 0, 0, 1;
    %assign/vec4 v000001dbe3a7fca0_0, 0;
    %pushi/vec4 1, 0, 1;
    %assign/vec4 v000001dbe3a7ee40_0, 0;
    %pushi/vec4 0, 0, 2;
    %assign/vec4 v000001dbe3a7ef80_0, 0;
    %pushi/vec4 2, 0, 4;
    %assign/vec4 v000001dbe3a7ed00_0, 0;
    %pushi/vec4 0, 0, 1;
    %assign/vec4 v000001dbe3a7f980_0, 0;
    %pushi/vec4 1, 0, 2;
    %assign/vec4 v000001dbe3a7fac0_0, 0;
    %pushi/vec4 0, 0, 1;
    %assign/vec4 v000001dbe3a7eda0_0, 0;
    %pushi/vec4 0, 0, 1;
    %assign/vec4 v000001dbe3a7f160_0, 0;
    %pushi/vec4 0, 0, 4;
    %assign/vec4 v000001dbe3a7e800_0, 0;
    %jmp T_16.18;
T_16.11 ;
    %pushi/vec4 1, 0, 1;
    %assign/vec4 v000001dbe3a7e260_0, 0;
    %pushi/vec4 0, 0, 1;
    %assign/vec4 v000001dbe3a7fca0_0, 0;
    %pushi/vec4 1, 0, 1;
    %assign/vec4 v000001dbe3a7ee40_0, 0;
    %pushi/vec4 0, 0, 2;
    %assign/vec4 v000001dbe3a7ef80_0, 0;
    %pushi/vec4 2, 0, 4;
    %assign/vec4 v000001dbe3a7ed00_0, 0;
    %pushi/vec4 0, 0, 1;
    %assign/vec4 v000001dbe3a7f980_0, 0;
    %pushi/vec4 1, 0, 2;
    %assign/vec4 v000001dbe3a7fac0_0, 0;
    %pushi/vec4 0, 0, 1;
    %assign/vec4 v000001dbe3a7eda0_0, 0;
    %pushi/vec4 0, 0, 1;
    %assign/vec4 v000001dbe3a7f160_0, 0;
    %pushi/vec4 0, 0, 4;
    %assign/vec4 v000001dbe3a7e800_0, 0;
    %jmp T_16.18;
T_16.12 ;
    %pushi/vec4 1, 0, 1;
    %assign/vec4 v000001dbe3a7e260_0, 0;
    %pushi/vec4 0, 0, 1;
    %assign/vec4 v000001dbe3a7fca0_0, 0;
    %pushi/vec4 1, 0, 1;
    %assign/vec4 v000001dbe3a7ee40_0, 0;
    %pushi/vec4 0, 0, 2;
    %assign/vec4 v000001dbe3a7ef80_0, 0;
    %pushi/vec4 2, 0, 4;
    %assign/vec4 v000001dbe3a7ed00_0, 0;
    %pushi/vec4 0, 0, 1;
    %assign/vec4 v000001dbe3a7f980_0, 0;
    %pushi/vec4 1, 0, 2;
    %assign/vec4 v000001dbe3a7fac0_0, 0;
    %pushi/vec4 0, 0, 1;
    %assign/vec4 v000001dbe3a7eda0_0, 0;
    %pushi/vec4 0, 0, 1;
    %assign/vec4 v000001dbe3a7f160_0, 0;
    %pushi/vec4 0, 0, 4;
    %assign/vec4 v000001dbe3a7e800_0, 0;
    %jmp T_16.18;
T_16.13 ;
    %pushi/vec4 1, 0, 1;
    %assign/vec4 v000001dbe3a7e260_0, 0;
    %pushi/vec4 0, 0, 1;
    %assign/vec4 v000001dbe3a7fca0_0, 0;
    %pushi/vec4 1, 0, 1;
    %assign/vec4 v000001dbe3a7ee40_0, 0;
    %pushi/vec4 0, 0, 2;
    %assign/vec4 v000001dbe3a7ef80_0, 0;
    %pushi/vec4 2, 0, 4;
    %assign/vec4 v000001dbe3a7ed00_0, 0;
    %pushi/vec4 0, 0, 1;
    %assign/vec4 v000001dbe3a7f980_0, 0;
    %pushi/vec4 1, 0, 2;
    %assign/vec4 v000001dbe3a7fac0_0, 0;
    %pushi/vec4 0, 0, 1;
    %assign/vec4 v000001dbe3a7eda0_0, 0;
    %pushi/vec4 0, 0, 1;
    %assign/vec4 v000001dbe3a7f160_0, 0;
    %pushi/vec4 0, 0, 4;
    %assign/vec4 v000001dbe3a7e800_0, 0;
    %jmp T_16.18;
T_16.14 ;
    %pushi/vec4 1, 0, 1;
    %assign/vec4 v000001dbe3a7e260_0, 0;
    %pushi/vec4 0, 0, 1;
    %assign/vec4 v000001dbe3a7fca0_0, 0;
    %pushi/vec4 1, 0, 1;
    %assign/vec4 v000001dbe3a7ee40_0, 0;
    %pushi/vec4 0, 0, 2;
    %assign/vec4 v000001dbe3a7ef80_0, 0;
    %pushi/vec4 2, 0, 4;
    %assign/vec4 v000001dbe3a7ed00_0, 0;
    %pushi/vec4 0, 0, 1;
    %assign/vec4 v000001dbe3a7f980_0, 0;
    %pushi/vec4 1, 0, 2;
    %assign/vec4 v000001dbe3a7fac0_0, 0;
    %pushi/vec4 0, 0, 1;
    %assign/vec4 v000001dbe3a7eda0_0, 0;
    %pushi/vec4 0, 0, 1;
    %assign/vec4 v000001dbe3a7f160_0, 0;
    %pushi/vec4 0, 0, 4;
    %assign/vec4 v000001dbe3a7e800_0, 0;
    %jmp T_16.18;
T_16.15 ;
    %pushi/vec4 1, 0, 1;
    %assign/vec4 v000001dbe3a7e260_0, 0;
    %pushi/vec4 0, 0, 1;
    %assign/vec4 v000001dbe3a7fca0_0, 0;
    %pushi/vec4 1, 0, 1;
    %assign/vec4 v000001dbe3a7ee40_0, 0;
    %pushi/vec4 0, 0, 2;
    %assign/vec4 v000001dbe3a7ef80_0, 0;
    %pushi/vec4 2, 0, 4;
    %assign/vec4 v000001dbe3a7ed00_0, 0;
    %pushi/vec4 0, 0, 1;
    %assign/vec4 v000001dbe3a7f980_0, 0;
    %pushi/vec4 1, 0, 2;
    %assign/vec4 v000001dbe3a7fac0_0, 0;
    %pushi/vec4 0, 0, 1;
    %assign/vec4 v000001dbe3a7eda0_0, 0;
    %pushi/vec4 0, 0, 1;
    %assign/vec4 v000001dbe3a7f160_0, 0;
    %pushi/vec4 0, 0, 4;
    %assign/vec4 v000001dbe3a7e800_0, 0;
    %jmp T_16.18;
T_16.16 ;
    %load/vec4 v000001dbe3a7f5c0_0;
    %parti/s 2, 4, 4;
    %cmpi/e 2, 0, 2;
    %jmp/0xz  T_16.34, 4;
    %pushi/vec4 0, 0, 1;
    %assign/vec4 v000001dbe3a7e260_0, 0;
    %pushi/vec4 1, 0, 1;
    %assign/vec4 v000001dbe3a7f160_0, 0;
    %pushi/vec4 0, 0, 1;
    %assign/vec4 v000001dbe3a7fca0_0, 0;
    %pushi/vec4 0, 0, 1;
    %assign/vec4 v000001dbe3a7ee40_0, 0;
    %pushi/vec4 1, 0, 2;
    %assign/vec4 v000001dbe3a7ef80_0, 0;
    %pushi/vec4 3, 0, 4;
    %assign/vec4 v000001dbe3a7ed00_0, 0;
    %pushi/vec4 1, 0, 1;
    %assign/vec4 v000001dbe3a7f980_0, 0;
    %pushi/vec4 0, 0, 2;
    %assign/vec4 v000001dbe3a7fac0_0, 0;
    %pushi/vec4 0, 0, 1;
    %assign/vec4 v000001dbe3a7eda0_0, 0;
    %pushi/vec4 1, 0, 1;
    %assign/vec4 v000001dbe3a7e440_0, 0;
    %pushi/vec4 11, 0, 4;
    %assign/vec4 v000001dbe3a7e800_0, 0;
T_16.34 ;
    %load/vec4 v000001dbe3a7f5c0_0;
    %parti/s 4, 0, 2;
    %cmpi/e 9, 0, 4;
    %jmp/0xz  T_16.36, 4;
    %pushi/vec4 0, 0, 1;
    %assign/vec4 v000001dbe3a7e260_0, 0;
    %pushi/vec4 0, 0, 1;
    %assign/vec4 v000001dbe3a7fca0_0, 0;
    %pushi/vec4 0, 0, 1;
    %assign/vec4 v000001dbe3a7ee40_0, 0;
    %pushi/vec4 2, 0, 2;
    %assign/vec4 v000001dbe3a80100_0, 0;
    %pushi/vec4 1, 0, 1;
    %assign/vec4 v000001dbe3a7eda0_0, 0;
    %pushi/vec4 9, 0, 4;
    %assign/vec4 v000001dbe3a7e800_0, 0;
    %jmp T_16.37;
T_16.36 ;
    %load/vec4 v000001dbe3a7f5c0_0;
    %parti/s 4, 0, 2;
    %cmpi/e 10, 0, 4;
    %jmp/0xz  T_16.38, 4;
    %pushi/vec4 0, 0, 1;
    %assign/vec4 v000001dbe3a7e260_0, 0;
    %pushi/vec4 0, 0, 1;
    %assign/vec4 v000001dbe3a7fca0_0, 0;
    %pushi/vec4 0, 0, 1;
    %assign/vec4 v000001dbe3a7ee40_0, 0;
    %pushi/vec4 3, 0, 2;
    %assign/vec4 v000001dbe3a80100_0, 0;
    %pushi/vec4 1, 0, 1;
    %assign/vec4 v000001dbe3a7eda0_0, 0;
    %pushi/vec4 10, 0, 4;
    %assign/vec4 v000001dbe3a7e800_0, 0;
    %jmp T_16.39;
T_16.38 ;
    %load/vec4 v000001dbe3a7f5c0_0;
    %parti/s 4, 0, 2;
    %cmpi/e 12, 0, 4;
    %jmp/0xz  T_16.40, 4;
    %pushi/vec4 0, 0, 1;
    %assign/vec4 v000001dbe3a7e260_0, 0;
    %pushi/vec4 1, 0, 1;
    %assign/vec4 v000001dbe3a7fca0_0, 0;
    %pushi/vec4 0, 0, 1;
    %assign/vec4 v000001dbe3a7ee40_0, 0;
    %pushi/vec4 0, 0, 1;
    %assign/vec4 v000001dbe3a7eda0_0, 0;
    %pushi/vec4 8, 0, 4;
    %assign/vec4 v000001dbe3a7e800_0, 0;
T_16.40 ;
T_16.39 ;
T_16.37 ;
    %jmp T_16.18;
T_16.18 ;
    %pop/vec4 1;
T_16.1 ;
    %jmp T_16;
    .thread T_16;
    .scope S_000001dbe3a37c30;
T_17 ;
    %delay 5000, 0;
    %load/vec4 v000001dbe3b13a50_0;
    %inv;
    %store/vec4 v000001dbe3b13a50_0, 0, 1;
    %jmp T_17;
    .thread T_17;
    .scope S_000001dbe3a37c30;
T_18 ;
    %pushi/vec4 0, 0, 1;
    %store/vec4 v000001dbe3b13a50_0, 0, 1;
    %pushi/vec4 1, 0, 1;
    %store/vec4 v000001dbe3b12dd0_0, 0, 1;
    %delay 100000, 0;
    %pushi/vec4 0, 0, 1;
    %assign/vec4 v000001dbe3b12dd0_0, 0;
    %delay 1245000, 0;
    %pushi/vec4 1, 0, 1;
    %assign/vec4 v000001dbe3b12dd0_0, 0;
    %delay 40000, 0;
    %pushi/vec4 0, 0, 1;
    %assign/vec4 v000001dbe3b12dd0_0, 0;
    %end;
    .thread T_18;
    .scope S_000001dbe3b119f0;
T_19 ;
    %wait E_000001dbe3a90310;
    %load/vec4 v000001dbe3b1a850_0;
    %flag_set/vec4 8;
    %jmp/0xz  T_19.0, 8;
    %pushi/vec4 1, 0, 1;
    %assign/vec4 v000001dbe3b1a710_0, 0;
    %pushi/vec4 0, 0, 1;
    %assign/vec4 v000001dbe3b19f90_0, 0;
    %pushi/vec4 0, 0, 1;
    %assign/vec4 v000001dbe3b13c30_0, 0;
    %pushi/vec4 0, 0, 1;
    %assign/vec4 v000001dbe3b1ad50_0, 0;
    %pushi/vec4 0, 0, 2;
    %assign/vec4 v000001dbe3b19db0_0, 0;
    %pushi/vec4 3, 0, 2;
    %assign/vec4 v000001dbe3b193b0_0, 0;
    %pushi/vec4 0, 0, 4;
    %assign/vec4 v000001dbe3b12b50_0, 0;
    %pushi/vec4 0, 0, 1;
    %assign/vec4 v000001dbe3b13af0_0, 0;
    %pushi/vec4 0, 0, 2;
    %assign/vec4 v000001dbe3b13b90_0, 0;
    %pushi/vec4 0, 0, 1;
    %assign/vec4 v000001dbe3b19130_0, 0;
    %pushi/vec4 13, 0, 4;
    %assign/vec4 v000001dbe3b1a8f0_0, 0;
    %jmp T_19.1;
T_19.0 ;
    %load/vec4 v000001dbe3b1a8f0_0;
    %dup/vec4;
    %pushi/vec4 13, 0, 4;
    %cmp/u;
    %jmp/1 T_19.2, 6;
    %dup/vec4;
    %pushi/vec4 0, 0, 4;
    %cmp/u;
    %jmp/1 T_19.3, 6;
    %dup/vec4;
    %pushi/vec4 1, 0, 4;
    %cmp/u;
    %jmp/1 T_19.4, 6;
    %dup/vec4;
    %pushi/vec4 2, 0, 4;
    %cmp/u;
    %jmp/1 T_19.5, 6;
    %dup/vec4;
    %pushi/vec4 3, 0, 4;
    %cmp/u;
    %jmp/1 T_19.6, 6;
    %dup/vec4;
    %pushi/vec4 4, 0, 4;
    %cmp/u;
    %jmp/1 T_19.7, 6;
    %dup/vec4;
    %pushi/vec4 5, 0, 4;
    %cmp/u;
    %jmp/1 T_19.8, 6;
    %dup/vec4;
    %pushi/vec4 6, 0, 4;
    %cmp/u;
    %jmp/1 T_19.9, 6;
    %dup/vec4;
    %pushi/vec4 7, 0, 4;
    %cmp/u;
    %jmp/1 T_19.10, 6;
    %dup/vec4;
    %pushi/vec4 8, 0, 4;
    %cmp/u;
    %jmp/1 T_19.11, 6;
    %dup/vec4;
    %pushi/vec4 9, 0, 4;
    %cmp/u;
    %jmp/1 T_19.12, 6;
    %dup/vec4;
    %pushi/vec4 10, 0, 4;
    %cmp/u;
    %jmp/1 T_19.13, 6;
    %dup/vec4;
    %pushi/vec4 11, 0, 4;
    %cmp/u;
    %jmp/1 T_19.14, 6;
    %dup/vec4;
    %pushi/vec4 12, 0, 4;
    %cmp/u;
    %jmp/1 T_19.15, 6;
    %dup/vec4;
    %pushi/vec4 14, 0, 4;
    %cmp/u;
    %jmp/1 T_19.16, 6;
    %pushi/vec4 1, 0, 1;
    %assign/vec4 v000001dbe3b1a710_0, 0;
    %pushi/vec4 0, 0, 1;
    %assign/vec4 v000001dbe3b13c30_0, 0;
    %pushi/vec4 1, 0, 1;
    %assign/vec4 v000001dbe3b1ad50_0, 0;
    %pushi/vec4 0, 0, 2;
    %assign/vec4 v000001dbe3b193b0_0, 0;
    %pushi/vec4 2, 0, 4;
    %assign/vec4 v000001dbe3b12b50_0, 0;
    %pushi/vec4 0, 0, 1;
    %assign/vec4 v000001dbe3b13af0_0, 0;
    %pushi/vec4 1, 0, 2;
    %assign/vec4 v000001dbe3b13b90_0, 0;
    %pushi/vec4 0, 0, 1;
    %assign/vec4 v000001dbe3b19130_0, 0;
    %pushi/vec4 0, 0, 1;
    %assign/vec4 v000001dbe3b19f90_0, 0;
    %pushi/vec4 0, 0, 4;
    %assign/vec4 v000001dbe3b1a8f0_0, 0;
    %jmp T_19.18;
T_19.2 ;
    %pushi/vec4 1, 0, 1;
    %assign/vec4 v000001dbe3b1a710_0, 0;
    %pushi/vec4 0, 0, 1;
    %assign/vec4 v000001dbe3b13c30_0, 0;
    %pushi/vec4 1, 0, 1;
    %assign/vec4 v000001dbe3b1ad50_0, 0;
    %pushi/vec4 0, 0, 2;
    %assign/vec4 v000001dbe3b193b0_0, 0;
    %pushi/vec4 2, 0, 4;
    %assign/vec4 v000001dbe3b12b50_0, 0;
    %pushi/vec4 0, 0, 1;
    %assign/vec4 v000001dbe3b13af0_0, 0;
    %pushi/vec4 1, 0, 2;
    %assign/vec4 v000001dbe3b13b90_0, 0;
    %pushi/vec4 0, 0, 1;
    %assign/vec4 v000001dbe3b19130_0, 0;
    %pushi/vec4 0, 0, 1;
    %assign/vec4 v000001dbe3b19f90_0, 0;
    %pushi/vec4 0, 0, 4;
    %assign/vec4 v000001dbe3b1a8f0_0, 0;
    %jmp T_19.18;
T_19.3 ;
    %pushi/vec4 0, 0, 1;
    %assign/vec4 v000001dbe3b1a710_0, 0;
    %pushi/vec4 0, 0, 1;
    %assign/vec4 v000001dbe3b13c30_0, 0;
    %pushi/vec4 0, 0, 1;
    %assign/vec4 v000001dbe3b1ad50_0, 0;
    %pushi/vec4 2, 0, 4;
    %assign/vec4 v000001dbe3b12b50_0, 0;
    %pushi/vec4 0, 0, 1;
    %assign/vec4 v000001dbe3b13af0_0, 0;
    %pushi/vec4 2, 0, 2;
    %assign/vec4 v000001dbe3b13b90_0, 0;
    %pushi/vec4 0, 0, 1;
    %assign/vec4 v000001dbe3b19130_0, 0;
    %pushi/vec4 0, 0, 1;
    %assign/vec4 v000001dbe3b1a670_0, 0;
    %pushi/vec4 1, 0, 4;
    %assign/vec4 v000001dbe3b1a8f0_0, 0;
    %jmp T_19.18;
T_19.4 ;
    %load/vec4 v000001dbe3b1a7b0_0;
    %parti/s 2, 4, 4;
    %dup/vec4;
    %pushi/vec4 1, 0, 2;
    %cmp/u;
    %jmp/1 T_19.19, 6;
    %dup/vec4;
    %pushi/vec4 0, 0, 2;
    %cmp/u;
    %jmp/1 T_19.20, 6;
    %dup/vec4;
    %pushi/vec4 2, 0, 2;
    %cmp/u;
    %jmp/1 T_19.21, 6;
    %dup/vec4;
    %pushi/vec4 3, 0, 2;
    %cmp/u;
    %jmp/1 T_19.22, 6;
    %jmp T_19.23;
T_19.19 ;
    %pushi/vec4 0, 0, 1;
    %assign/vec4 v000001dbe3b1a710_0, 0;
    %pushi/vec4 0, 0, 1;
    %assign/vec4 v000001dbe3b13c30_0, 0;
    %pushi/vec4 0, 0, 1;
    %assign/vec4 v000001dbe3b1ad50_0, 0;
    %load/vec4 v000001dbe3b1a7b0_0;
    %parti/s 4, 0, 2;
    %assign/vec4 v000001dbe3b12b50_0, 0;
    %pushi/vec4 1, 0, 1;
    %assign/vec4 v000001dbe3b13af0_0, 0;
    %pushi/vec4 0, 0, 2;
    %assign/vec4 v000001dbe3b13b90_0, 0;
    %pushi/vec4 0, 0, 1;
    %assign/vec4 v000001dbe3b19130_0, 0;
    %pushi/vec4 2, 0, 4;
    %assign/vec4 v000001dbe3b1a8f0_0, 0;
    %jmp T_19.23;
T_19.20 ;
    %load/vec4 v000001dbe3b1a7b0_0;
    %parti/s 4, 0, 2;
    %cmpi/e 0, 0, 4;
    %jmp/0xz  T_19.24, 4;
    %pushi/vec4 1, 0, 1;
    %assign/vec4 v000001dbe3b1a710_0, 0;
    %pushi/vec4 0, 0, 1;
    %assign/vec4 v000001dbe3b13c30_0, 0;
    %pushi/vec4 1, 0, 1;
    %assign/vec4 v000001dbe3b1ad50_0, 0;
    %pushi/vec4 0, 0, 2;
    %assign/vec4 v000001dbe3b193b0_0, 0;
    %pushi/vec4 2, 0, 4;
    %assign/vec4 v000001dbe3b12b50_0, 0;
    %pushi/vec4 0, 0, 1;
    %assign/vec4 v000001dbe3b13af0_0, 0;
    %pushi/vec4 1, 0, 2;
    %assign/vec4 v000001dbe3b13b90_0, 0;
    %pushi/vec4 0, 0, 1;
    %assign/vec4 v000001dbe3b19130_0, 0;
    %pushi/vec4 0, 0, 1;
    %assign/vec4 v000001dbe3b19f90_0, 0;
    %pushi/vec4 0, 0, 4;
    %assign/vec4 v000001dbe3b1a8f0_0, 0;
    %jmp T_19.25;
T_19.24 ;
    %pushi/vec4 1, 0, 1;
    %assign/vec4 v000001dbe3b1a710_0, 0;
    %pushi/vec4 0, 0, 1;
    %assign/vec4 v000001dbe3b13c30_0, 0;
    %pushi/vec4 0, 0, 1;
    %assign/vec4 v000001dbe3b1ad50_0, 0;
    %pushi/vec4 2, 0, 2;
    %assign/vec4 v000001dbe3b193b0_0, 0;
    %pushi/vec4 0, 0, 1;
    %assign/vec4 v000001dbe3b19130_0, 0;
    %pushi/vec4 12, 0, 4;
    %assign/vec4 v000001dbe3b1a8f0_0, 0;
T_19.25 ;
    %jmp T_19.23;
T_19.21 ;
    %pushi/vec4 0, 0, 1;
    %assign/vec4 v000001dbe3b1a710_0, 0;
    %pushi/vec4 0, 0, 1;
    %assign/vec4 v000001dbe3b13c30_0, 0;
    %pushi/vec4 0, 0, 1;
    %assign/vec4 v000001dbe3b1ad50_0, 0;
    %pushi/vec4 2, 0, 4;
    %assign/vec4 v000001dbe3b12b50_0, 0;
    %pushi/vec4 0, 0, 1;
    %assign/vec4 v000001dbe3b13af0_0, 0;
    %pushi/vec4 2, 0, 2;
    %assign/vec4 v000001dbe3b13b90_0, 0;
    %pushi/vec4 0, 0, 1;
    %assign/vec4 v000001dbe3b19130_0, 0;
    %pushi/vec4 1, 0, 1;
    %assign/vec4 v000001dbe3b1a670_0, 0;
    %pushi/vec4 14, 0, 4;
    %assign/vec4 v000001dbe3b1a8f0_0, 0;
    %jmp T_19.23;
T_19.22 ;
    %load/vec4 v000001dbe3b1a7b0_0;
    %parti/s 4, 0, 2;
    %cmpi/e 2, 0, 4;
    %flag_mov 8, 4;
    %load/vec4 v000001dbe3b1a7b0_0;
    %parti/s 4, 0, 2;
    %cmpi/e 3, 0, 4;
    %flag_or 4, 8;
    %flag_mov 8, 4;
    %load/vec4 v000001dbe3b1a7b0_0;
    %parti/s 4, 0, 2;
    %cmpi/e 7, 0, 4;
    %flag_or 4, 8;
    %jmp/0xz  T_19.26, 4;
    %pushi/vec4 0, 0, 1;
    %assign/vec4 v000001dbe3b1a710_0, 0;
    %pushi/vec4 0, 0, 1;
    %assign/vec4 v000001dbe3b13c30_0, 0;
    %pushi/vec4 0, 0, 1;
    %assign/vec4 v000001dbe3b1ad50_0, 0;
    %load/vec4 v000001dbe3b1a7b0_0;
    %parti/s 4, 0, 2;
    %assign/vec4 v000001dbe3b12b50_0, 0;
    %pushi/vec4 1, 0, 1;
    %assign/vec4 v000001dbe3b13af0_0, 0;
    %pushi/vec4 2, 0, 2;
    %assign/vec4 v000001dbe3b13b90_0, 0;
    %pushi/vec4 0, 0, 1;
    %assign/vec4 v000001dbe3b19130_0, 0;
    %pushi/vec4 3, 0, 4;
    %assign/vec4 v000001dbe3b1a8f0_0, 0;
    %jmp T_19.27;
T_19.26 ;
    %load/vec4 v000001dbe3b1a7b0_0;
    %parti/s 4, 0, 2;
    %cmpi/e 4, 0, 4;
    %flag_mov 8, 4;
    %load/vec4 v000001dbe3b1a7b0_0;
    %parti/s 4, 0, 2;
    %cmpi/e 5, 0, 4;
    %flag_or 4, 8;
    %flag_mov 8, 4;
    %load/vec4 v000001dbe3b1a7b0_0;
    %parti/s 4, 0, 2;
    %cmpi/e 6, 0, 4;
    %flag_or 4, 8;
    %jmp/0xz  T_19.28, 4;
    %pushi/vec4 0, 0, 1;
    %assign/vec4 v000001dbe3b1a710_0, 0;
    %pushi/vec4 0, 0, 1;
    %assign/vec4 v000001dbe3b13c30_0, 0;
    %pushi/vec4 0, 0, 1;
    %assign/vec4 v000001dbe3b1ad50_0, 0;
    %load/vec4 v000001dbe3b1a7b0_0;
    %parti/s 4, 0, 2;
    %assign/vec4 v000001dbe3b12b50_0, 0;
    %pushi/vec4 1, 0, 1;
    %assign/vec4 v000001dbe3b13af0_0, 0;
    %pushi/vec4 3, 0, 2;
    %assign/vec4 v000001dbe3b13b90_0, 0;
    %pushi/vec4 0, 0, 1;
    %assign/vec4 v000001dbe3b19130_0, 0;
    %pushi/vec4 4, 0, 4;
    %assign/vec4 v000001dbe3b1a8f0_0, 0;
    %jmp T_19.29;
T_19.28 ;
    %load/vec4 v000001dbe3b1a7b0_0;
    %parti/s 4, 0, 2;
    %cmpi/e 11, 0, 4;
    %jmp/0xz  T_19.30, 4;
    %pushi/vec4 0, 0, 1;
    %assign/vec4 v000001dbe3b1a710_0, 0;
    %pushi/vec4 0, 0, 1;
    %assign/vec4 v000001dbe3b13c30_0, 0;
    %pushi/vec4 0, 0, 1;
    %assign/vec4 v000001dbe3b1ad50_0, 0;
    %pushi/vec4 0, 0, 1;
    %assign/vec4 v000001dbe3b19130_0, 0;
    %pushi/vec4 5, 0, 4;
    %assign/vec4 v000001dbe3b1a8f0_0, 0;
    %jmp T_19.31;
T_19.30 ;
    %load/vec4 v000001dbe3b1a7b0_0;
    %parti/s 4, 0, 2;
    %cmpi/e 9, 0, 4;
    %flag_mov 8, 4;
    %load/vec4 v000001dbe3b1a7b0_0;
    %parti/s 4, 0, 2;
    %cmpi/e 10, 0, 4;
    %flag_or 4, 8;
    %flag_mov 8, 4;
    %load/vec4 v000001dbe3b1a7b0_0;
    %parti/s 4, 0, 2;
    %cmpi/e 12, 0, 4;
    %flag_or 4, 8;
    %jmp/0xz  T_19.32, 4;
    %pushi/vec4 0, 0, 1;
    %assign/vec4 v000001dbe3b1a710_0, 0;
    %pushi/vec4 0, 0, 1;
    %assign/vec4 v000001dbe3b13c30_0, 0;
    %pushi/vec4 0, 0, 1;
    %assign/vec4 v000001dbe3b1ad50_0, 0;
    %pushi/vec4 2, 0, 4;
    %assign/vec4 v000001dbe3b12b50_0, 0;
    %pushi/vec4 0, 0, 1;
    %assign/vec4 v000001dbe3b13af0_0, 0;
    %pushi/vec4 2, 0, 2;
    %assign/vec4 v000001dbe3b13b90_0, 0;
    %pushi/vec4 0, 0, 1;
    %assign/vec4 v000001dbe3b19130_0, 0;
    %pushi/vec4 1, 0, 1;
    %assign/vec4 v000001dbe3b1a670_0, 0;
    %pushi/vec4 14, 0, 4;
    %assign/vec4 v000001dbe3b1a8f0_0, 0;
T_19.32 ;
T_19.31 ;
T_19.29 ;
T_19.27 ;
    %jmp T_19.23;
T_19.23 ;
    %pop/vec4 1;
    %jmp T_19.18;
T_19.5 ;
    %pushi/vec4 0, 0, 1;
    %assign/vec4 v000001dbe3b1a710_0, 0;
    %pushi/vec4 0, 0, 1;
    %assign/vec4 v000001dbe3b13c30_0, 0;
    %pushi/vec4 0, 0, 1;
    %assign/vec4 v000001dbe3b1ad50_0, 0;
    %pushi/vec4 0, 0, 2;
    %assign/vec4 v000001dbe3b19db0_0, 0;
    %pushi/vec4 1, 0, 1;
    %assign/vec4 v000001dbe3b19130_0, 0;
    %pushi/vec4 6, 0, 4;
    %assign/vec4 v000001dbe3b1a8f0_0, 0;
    %jmp T_19.18;
T_19.6 ;
    %pushi/vec4 0, 0, 1;
    %assign/vec4 v000001dbe3b1a710_0, 0;
    %pushi/vec4 0, 0, 1;
    %assign/vec4 v000001dbe3b13c30_0, 0;
    %pushi/vec4 0, 0, 1;
    %assign/vec4 v000001dbe3b1ad50_0, 0;
    %pushi/vec4 0, 0, 2;
    %assign/vec4 v000001dbe3b19db0_0, 0;
    %pushi/vec4 1, 0, 1;
    %assign/vec4 v000001dbe3b19130_0, 0;
    %pushi/vec4 6, 0, 4;
    %assign/vec4 v000001dbe3b1a8f0_0, 0;
    %jmp T_19.18;
T_19.7 ;
    %pushi/vec4 0, 0, 1;
    %assign/vec4 v000001dbe3b1a710_0, 0;
    %pushi/vec4 0, 0, 1;
    %assign/vec4 v000001dbe3b13c30_0, 0;
    %pushi/vec4 0, 0, 1;
    %assign/vec4 v000001dbe3b1ad50_0, 0;
    %pushi/vec4 0, 0, 2;
    %assign/vec4 v000001dbe3b19db0_0, 0;
    %pushi/vec4 1, 0, 1;
    %assign/vec4 v000001dbe3b19130_0, 0;
    %pushi/vec4 6, 0, 4;
    %assign/vec4 v000001dbe3b1a8f0_0, 0;
    %jmp T_19.18;
T_19.8 ;
    %pushi/vec4 0, 0, 1;
    %assign/vec4 v000001dbe3b1a710_0, 0;
    %pushi/vec4 0, 0, 1;
    %assign/vec4 v000001dbe3b13c30_0, 0;
    %pushi/vec4 0, 0, 1;
    %assign/vec4 v000001dbe3b1ad50_0, 0;
    %pushi/vec4 1, 0, 2;
    %assign/vec4 v000001dbe3b19db0_0, 0;
    %pushi/vec4 1, 0, 1;
    %assign/vec4 v000001dbe3b19130_0, 0;
    %pushi/vec4 7, 0, 4;
    %assign/vec4 v000001dbe3b1a8f0_0, 0;
    %jmp T_19.18;
T_19.9 ;
    %pushi/vec4 1, 0, 1;
    %assign/vec4 v000001dbe3b1a710_0, 0;
    %pushi/vec4 0, 0, 1;
    %assign/vec4 v000001dbe3b13c30_0, 0;
    %pushi/vec4 1, 0, 1;
    %assign/vec4 v000001dbe3b1ad50_0, 0;
    %pushi/vec4 0, 0, 2;
    %assign/vec4 v000001dbe3b193b0_0, 0;
    %pushi/vec4 2, 0, 4;
    %assign/vec4 v000001dbe3b12b50_0, 0;
    %pushi/vec4 0, 0, 1;
    %assign/vec4 v000001dbe3b13af0_0, 0;
    %pushi/vec4 1, 0, 2;
    %assign/vec4 v000001dbe3b13b90_0, 0;
    %pushi/vec4 0, 0, 1;
    %assign/vec4 v000001dbe3b19130_0, 0;
    %pushi/vec4 0, 0, 1;
    %assign/vec4 v000001dbe3b19f90_0, 0;
    %pushi/vec4 0, 0, 4;
    %assign/vec4 v000001dbe3b1a8f0_0, 0;
    %jmp T_19.18;
T_19.10 ;
    %pushi/vec4 1, 0, 1;
    %assign/vec4 v000001dbe3b1a710_0, 0;
    %pushi/vec4 0, 0, 1;
    %assign/vec4 v000001dbe3b13c30_0, 0;
    %pushi/vec4 1, 0, 1;
    %assign/vec4 v000001dbe3b1ad50_0, 0;
    %pushi/vec4 0, 0, 2;
    %assign/vec4 v000001dbe3b193b0_0, 0;
    %pushi/vec4 2, 0, 4;
    %assign/vec4 v000001dbe3b12b50_0, 0;
    %pushi/vec4 0, 0, 1;
    %assign/vec4 v000001dbe3b13af0_0, 0;
    %pushi/vec4 1, 0, 2;
    %assign/vec4 v000001dbe3b13b90_0, 0;
    %pushi/vec4 0, 0, 1;
    %assign/vec4 v000001dbe3b19130_0, 0;
    %pushi/vec4 0, 0, 1;
    %assign/vec4 v000001dbe3b19f90_0, 0;
    %pushi/vec4 0, 0, 4;
    %assign/vec4 v000001dbe3b1a8f0_0, 0;
    %jmp T_19.18;
T_19.11 ;
    %pushi/vec4 1, 0, 1;
    %assign/vec4 v000001dbe3b1a710_0, 0;
    %pushi/vec4 0, 0, 1;
    %assign/vec4 v000001dbe3b13c30_0, 0;
    %pushi/vec4 1, 0, 1;
    %assign/vec4 v000001dbe3b1ad50_0, 0;
    %pushi/vec4 0, 0, 2;
    %assign/vec4 v000001dbe3b193b0_0, 0;
    %pushi/vec4 2, 0, 4;
    %assign/vec4 v000001dbe3b12b50_0, 0;
    %pushi/vec4 0, 0, 1;
    %assign/vec4 v000001dbe3b13af0_0, 0;
    %pushi/vec4 1, 0, 2;
    %assign/vec4 v000001dbe3b13b90_0, 0;
    %pushi/vec4 0, 0, 1;
    %assign/vec4 v000001dbe3b19130_0, 0;
    %pushi/vec4 0, 0, 1;
    %assign/vec4 v000001dbe3b19f90_0, 0;
    %pushi/vec4 0, 0, 4;
    %assign/vec4 v000001dbe3b1a8f0_0, 0;
    %jmp T_19.18;
T_19.12 ;
    %pushi/vec4 1, 0, 1;
    %assign/vec4 v000001dbe3b1a710_0, 0;
    %pushi/vec4 0, 0, 1;
    %assign/vec4 v000001dbe3b13c30_0, 0;
    %pushi/vec4 1, 0, 1;
    %assign/vec4 v000001dbe3b1ad50_0, 0;
    %pushi/vec4 0, 0, 2;
    %assign/vec4 v000001dbe3b193b0_0, 0;
    %pushi/vec4 2, 0, 4;
    %assign/vec4 v000001dbe3b12b50_0, 0;
    %pushi/vec4 0, 0, 1;
    %assign/vec4 v000001dbe3b13af0_0, 0;
    %pushi/vec4 1, 0, 2;
    %assign/vec4 v000001dbe3b13b90_0, 0;
    %pushi/vec4 0, 0, 1;
    %assign/vec4 v000001dbe3b19130_0, 0;
    %pushi/vec4 0, 0, 1;
    %assign/vec4 v000001dbe3b19f90_0, 0;
    %pushi/vec4 0, 0, 4;
    %assign/vec4 v000001dbe3b1a8f0_0, 0;
    %jmp T_19.18;
T_19.13 ;
    %pushi/vec4 1, 0, 1;
    %assign/vec4 v000001dbe3b1a710_0, 0;
    %pushi/vec4 0, 0, 1;
    %assign/vec4 v000001dbe3b13c30_0, 0;
    %pushi/vec4 1, 0, 1;
    %assign/vec4 v000001dbe3b1ad50_0, 0;
    %pushi/vec4 0, 0, 2;
    %assign/vec4 v000001dbe3b193b0_0, 0;
    %pushi/vec4 2, 0, 4;
    %assign/vec4 v000001dbe3b12b50_0, 0;
    %pushi/vec4 0, 0, 1;
    %assign/vec4 v000001dbe3b13af0_0, 0;
    %pushi/vec4 1, 0, 2;
    %assign/vec4 v000001dbe3b13b90_0, 0;
    %pushi/vec4 0, 0, 1;
    %assign/vec4 v000001dbe3b19130_0, 0;
    %pushi/vec4 0, 0, 1;
    %assign/vec4 v000001dbe3b19f90_0, 0;
    %pushi/vec4 0, 0, 4;
    %assign/vec4 v000001dbe3b1a8f0_0, 0;
    %jmp T_19.18;
T_19.14 ;
    %pushi/vec4 1, 0, 1;
    %assign/vec4 v000001dbe3b1a710_0, 0;
    %pushi/vec4 0, 0, 1;
    %assign/vec4 v000001dbe3b13c30_0, 0;
    %pushi/vec4 1, 0, 1;
    %assign/vec4 v000001dbe3b1ad50_0, 0;
    %pushi/vec4 0, 0, 2;
    %assign/vec4 v000001dbe3b193b0_0, 0;
    %pushi/vec4 2, 0, 4;
    %assign/vec4 v000001dbe3b12b50_0, 0;
    %pushi/vec4 0, 0, 1;
    %assign/vec4 v000001dbe3b13af0_0, 0;
    %pushi/vec4 1, 0, 2;
    %assign/vec4 v000001dbe3b13b90_0, 0;
    %pushi/vec4 0, 0, 1;
    %assign/vec4 v000001dbe3b19130_0, 0;
    %pushi/vec4 0, 0, 1;
    %assign/vec4 v000001dbe3b19f90_0, 0;
    %pushi/vec4 0, 0, 4;
    %assign/vec4 v000001dbe3b1a8f0_0, 0;
    %jmp T_19.18;
T_19.15 ;
    %pushi/vec4 1, 0, 1;
    %assign/vec4 v000001dbe3b1a710_0, 0;
    %pushi/vec4 0, 0, 1;
    %assign/vec4 v000001dbe3b13c30_0, 0;
    %pushi/vec4 1, 0, 1;
    %assign/vec4 v000001dbe3b1ad50_0, 0;
    %pushi/vec4 0, 0, 2;
    %assign/vec4 v000001dbe3b193b0_0, 0;
    %pushi/vec4 2, 0, 4;
    %assign/vec4 v000001dbe3b12b50_0, 0;
    %pushi/vec4 0, 0, 1;
    %assign/vec4 v000001dbe3b13af0_0, 0;
    %pushi/vec4 1, 0, 2;
    %assign/vec4 v000001dbe3b13b90_0, 0;
    %pushi/vec4 0, 0, 1;
    %assign/vec4 v000001dbe3b19130_0, 0;
    %pushi/vec4 0, 0, 1;
    %assign/vec4 v000001dbe3b19f90_0, 0;
    %pushi/vec4 0, 0, 4;
    %assign/vec4 v000001dbe3b1a8f0_0, 0;
    %jmp T_19.18;
T_19.16 ;
    %load/vec4 v000001dbe3b1a7b0_0;
    %parti/s 2, 4, 4;
    %cmpi/e 2, 0, 2;
    %jmp/0xz  T_19.34, 4;
    %pushi/vec4 0, 0, 1;
    %assign/vec4 v000001dbe3b1a710_0, 0;
    %pushi/vec4 1, 0, 1;
    %assign/vec4 v000001dbe3b19f90_0, 0;
    %pushi/vec4 0, 0, 1;
    %assign/vec4 v000001dbe3b13c30_0, 0;
    %pushi/vec4 0, 0, 1;
    %assign/vec4 v000001dbe3b1ad50_0, 0;
    %pushi/vec4 1, 0, 2;
    %assign/vec4 v000001dbe3b193b0_0, 0;
    %pushi/vec4 3, 0, 4;
    %assign/vec4 v000001dbe3b12b50_0, 0;
    %pushi/vec4 1, 0, 1;
    %assign/vec4 v000001dbe3b13af0_0, 0;
    %pushi/vec4 0, 0, 2;
    %assign/vec4 v000001dbe3b13b90_0, 0;
    %pushi/vec4 0, 0, 1;
    %assign/vec4 v000001dbe3b19130_0, 0;
    %pushi/vec4 1, 0, 1;
    %assign/vec4 v000001dbe3b1a670_0, 0;
    %pushi/vec4 11, 0, 4;
    %assign/vec4 v000001dbe3b1a8f0_0, 0;
T_19.34 ;
    %load/vec4 v000001dbe3b1a7b0_0;
    %parti/s 4, 0, 2;
    %cmpi/e 9, 0, 4;
    %jmp/0xz  T_19.36, 4;
    %pushi/vec4 0, 0, 1;
    %assign/vec4 v000001dbe3b1a710_0, 0;
    %pushi/vec4 0, 0, 1;
    %assign/vec4 v000001dbe3b13c30_0, 0;
    %pushi/vec4 0, 0, 1;
    %assign/vec4 v000001dbe3b1ad50_0, 0;
    %pushi/vec4 2, 0, 2;
    %assign/vec4 v000001dbe3b19db0_0, 0;
    %pushi/vec4 1, 0, 1;
    %assign/vec4 v000001dbe3b19130_0, 0;
    %pushi/vec4 9, 0, 4;
    %assign/vec4 v000001dbe3b1a8f0_0, 0;
    %jmp T_19.37;
T_19.36 ;
    %load/vec4 v000001dbe3b1a7b0_0;
    %parti/s 4, 0, 2;
    %cmpi/e 10, 0, 4;
    %jmp/0xz  T_19.38, 4;
    %pushi/vec4 0, 0, 1;
    %assign/vec4 v000001dbe3b1a710_0, 0;
    %pushi/vec4 0, 0, 1;
    %assign/vec4 v000001dbe3b13c30_0, 0;
    %pushi/vec4 0, 0, 1;
    %assign/vec4 v000001dbe3b1ad50_0, 0;
    %pushi/vec4 3, 0, 2;
    %assign/vec4 v000001dbe3b19db0_0, 0;
    %pushi/vec4 1, 0, 1;
    %assign/vec4 v000001dbe3b19130_0, 0;
    %pushi/vec4 10, 0, 4;
    %assign/vec4 v000001dbe3b1a8f0_0, 0;
    %jmp T_19.39;
T_19.38 ;
    %load/vec4 v000001dbe3b1a7b0_0;
    %parti/s 4, 0, 2;
    %cmpi/e 12, 0, 4;
    %jmp/0xz  T_19.40, 4;
    %pushi/vec4 0, 0, 1;
    %assign/vec4 v000001dbe3b1a710_0, 0;
    %pushi/vec4 1, 0, 1;
    %assign/vec4 v000001dbe3b13c30_0, 0;
    %pushi/vec4 0, 0, 1;
    %assign/vec4 v000001dbe3b1ad50_0, 0;
    %pushi/vec4 0, 0, 1;
    %assign/vec4 v000001dbe3b19130_0, 0;
    %pushi/vec4 8, 0, 4;
    %assign/vec4 v000001dbe3b1a8f0_0, 0;
T_19.40 ;
T_19.39 ;
T_19.37 ;
    %jmp T_19.18;
T_19.18 ;
    %pop/vec4 1;
T_19.1 ;
    %jmp T_19;
    .thread T_19;
    .scope S_000001dbe3a37dc0;
T_20 ;
    %delay 5000, 0;
    %load/vec4 v000001dbe3b1a0d0_0;
    %inv;
    %store/vec4 v000001dbe3b1a0d0_0, 0, 1;
    %jmp T_20;
    .thread T_20;
    .scope S_000001dbe3a37dc0;
T_21 ;
    %pushi/vec4 0, 0, 6;
    %store/vec4 v000001dbe3b191d0_0, 0, 6;
    %pushi/vec4 0, 0, 1;
    %store/vec4 v000001dbe3b1a0d0_0, 0, 1;
    %pushi/vec4 1, 0, 1;
    %store/vec4 v000001dbe3b1acb0_0, 0, 1;
    %delay 100000, 0;
    %pushi/vec4 0, 0, 1;
    %store/vec4 v000001dbe3b1acb0_0, 0, 1;
    %pushi/vec4 16, 0, 6;
    %assign/vec4 v000001dbe3b191d0_0, 0;
    %delay 55000, 0;
    %pushi/vec4 17, 0, 6;
    %assign/vec4 v000001dbe3b191d0_0, 0;
    %delay 40000, 0;
    %pushi/vec4 18, 0, 6;
    %assign/vec4 v000001dbe3b191d0_0, 0;
    %delay 40000, 0;
    %pushi/vec4 19, 0, 6;
    %assign/vec4 v000001dbe3b191d0_0, 0;
    %delay 40000, 0;
    %pushi/vec4 20, 0, 6;
    %assign/vec4 v000001dbe3b191d0_0, 0;
    %delay 40000, 0;
    %pushi/vec4 21, 0, 6;
    %assign/vec4 v000001dbe3b191d0_0, 0;
    %delay 40000, 0;
    %pushi/vec4 22, 0, 6;
    %assign/vec4 v000001dbe3b191d0_0, 0;
    %delay 40000, 0;
    %pushi/vec4 23, 0, 6;
    %assign/vec4 v000001dbe3b191d0_0, 0;
    %pushi/vec4 1, 0, 6;
    %assign/vec4 v000001dbe3b191d0_0, 0;
    %delay 30000, 0;
    %pushi/vec4 32, 0, 6;
    %assign/vec4 v000001dbe3b191d0_0, 0;
    %delay 30000, 0;
    %pushi/vec4 50, 0, 6;
    %assign/vec4 v000001dbe3b191d0_0, 0;
    %delay 40000, 0;
    %pushi/vec4 51, 0, 6;
    %assign/vec4 v000001dbe3b191d0_0, 0;
    %delay 40000, 0;
    %pushi/vec4 52, 0, 6;
    %assign/vec4 v000001dbe3b191d0_0, 0;
    %delay 40000, 0;
    %pushi/vec4 53, 0, 6;
    %assign/vec4 v000001dbe3b191d0_0, 0;
    %delay 40000, 0;
    %pushi/vec4 54, 0, 6;
    %assign/vec4 v000001dbe3b191d0_0, 0;
    %delay 40000, 0;
    %pushi/vec4 55, 0, 6;
    %assign/vec4 v000001dbe3b191d0_0, 0;
    %delay 40000, 0;
    %pushi/vec4 57, 0, 6;
    %assign/vec4 v000001dbe3b191d0_0, 0;
    %delay 40000, 0;
    %pushi/vec4 58, 0, 6;
    %assign/vec4 v000001dbe3b191d0_0, 0;
    %delay 40000, 0;
    %pushi/vec4 59, 0, 6;
    %assign/vec4 v000001dbe3b191d0_0, 0;
    %delay 40000, 0;
    %pushi/vec4 60, 0, 6;
    %assign/vec4 v000001dbe3b191d0_0, 0;
    %delay 40000, 0;
    %pushi/vec4 1, 0, 1;
    %assign/vec4 v000001dbe3b1acb0_0, 0;
    %delay 20000, 0;
    %pushi/vec4 0, 0, 1;
    %assign/vec4 v000001dbe3b1acb0_0, 0;
    %pushi/vec4 0, 0, 6;
    %assign/vec4 v000001dbe3b191d0_0, 0;
    %end;
    .thread T_21;
    .scope S_000001dbe3b11ea0;
T_22 ;
    %wait E_000001dbe3a90450;
    %load/vec4 v000001dbe3b19ef0_0;
    %flag_set/vec4 8;
    %jmp/0xz  T_22.0, 8;
    %pushi/vec4 0, 0, 32;
    %assign/vec4 v000001dbe3b1a530_0, 0;
    %jmp T_22.1;
T_22.0 ;
    %load/vec4 v000001dbe3b19590_0;
    %flag_set/vec4 8;
    %jmp/0xz  T_22.2, 8;
    %load/vec4 v000001dbe3b1a170_0;
    %assign/vec4 v000001dbe3b1a530_0, 0;
T_22.2 ;
T_22.1 ;
    %jmp T_22;
    .thread T_22;
    .scope S_000001dbe3a375b0;
T_23 ;
    %delay 5000, 0;
    %load/vec4 v000001dbe3b1a210_0;
    %inv;
    %store/vec4 v000001dbe3b1a210_0, 0, 1;
    %jmp T_23;
    .thread T_23;
    .scope S_000001dbe3a375b0;
T_24 ;
    %pushi/vec4 0, 0, 32;
    %store/vec4 v000001dbe3b19c70_0, 0, 32;
    %pushi/vec4 0, 0, 1;
    %store/vec4 v000001dbe3b19310_0, 0, 1;
    %pushi/vec4 0, 0, 1;
    %store/vec4 v000001dbe3b1a210_0, 0, 1;
    %pushi/vec4 1, 0, 1;
    %store/vec4 v000001dbe3b19090_0, 0, 1;
    %delay 100000, 0;
    %pushi/vec4 0, 0, 1;
    %assign/vec4 v000001dbe3b19090_0, 0;
    %pushi/vec4 4042322160, 0, 32;
    %assign/vec4 v000001dbe3b19c70_0, 0;
    %delay 15000, 0;
    %pushi/vec4 2947526575, 0, 32;
    %assign/vec4 v000001dbe3b19c70_0, 0;
    %pushi/vec4 1, 0, 1;
    %assign/vec4 v000001dbe3b19310_0, 0;
    %delay 15000, 0;
    %pushi/vec4 1, 0, 1;
    %assign/vec4 v000001dbe3b19090_0, 0;
    %delay 26000, 0;
    %pushi/vec4 0, 0, 1;
    %assign/vec4 v000001dbe3b19090_0, 0;
    %end;
    .thread T_24;
    .scope S_000001dbe3a37740;
T_25 ;
    %pushi/vec4 0, 0, 32;
    %store/vec4 v000001dbe3b19450_0, 0, 32;
    %pushi/vec4 0, 0, 32;
    %store/vec4 v000001dbe3b1a2b0_0, 0, 32;
    %delay 100000, 0;
    %pushi/vec4 14, 0, 32;
    %store/vec4 v000001dbe3b19450_0, 0, 32;
    %pushi/vec4 1, 0, 32;
    %store/vec4 v000001dbe3b1a2b0_0, 0, 32;
    %delay 20000, 0;
    %pushi/vec4 4294967295, 0, 32;
    %store/vec4 v000001dbe3b1a2b0_0, 0, 32;
    %end;
    .thread T_25;
    .scope S_000001dbe3b10f00;
T_26 ;
    %wait E_000001dbe3a2f410;
    %load/vec4 v000001dbe3b19d10_0;
    %dup/vec4;
    %pushi/vec4 0, 0, 1;
    %cmp/u;
    %jmp/1 T_26.0, 6;
    %dup/vec4;
    %pushi/vec4 1, 0, 1;
    %cmp/u;
    %jmp/1 T_26.1, 6;
    %pushi/vec4 0, 0, 32;
    %assign/vec4 v000001dbe3b196d0_0, 0;
    %jmp T_26.3;
T_26.0 ;
    %load/vec4 v000001dbe3b194f0_0;
    %assign/vec4 v000001dbe3b196d0_0, 0;
    %jmp T_26.3;
T_26.1 ;
    %load/vec4 v000001dbe3b19630_0;
    %assign/vec4 v000001dbe3b196d0_0, 0;
    %jmp T_26.3;
T_26.3 ;
    %pop/vec4 1;
    %jmp T_26;
    .thread T_26, $push;
    .scope S_000001dbe3a378d0;
T_27 ;
    %pushi/vec4 0, 0, 32;
    %store/vec4 v000001dbe3b19a90_0, 0, 32;
    %pushi/vec4 0, 0, 32;
    %store/vec4 v000001dbe3b19e50_0, 0, 32;
    %pushi/vec4 0, 0, 1;
    %store/vec4 v000001dbe3b1a5d0_0, 0, 1;
    %delay 100000, 0;
    %pushi/vec4 4294901760, 0, 32;
    %store/vec4 v000001dbe3b19a90_0, 0, 32;
    %pushi/vec4 65535, 0, 32;
    %store/vec4 v000001dbe3b19e50_0, 0, 32;
    %delay 20000, 0;
    %pushi/vec4 1, 0, 1;
    %store/vec4 v000001dbe3b1a5d0_0, 0, 1;
    %delay 20000, 0;
    %pushi/vec4 2290649224, 0, 32;
    %store/vec4 v000001dbe3b19a90_0, 0, 32;
    %pushi/vec4 4278124286, 0, 32;
    %store/vec4 v000001dbe3b19e50_0, 0, 32;
    %delay 20000, 0;
    %pushi/vec4 0, 0, 1;
    %store/vec4 v000001dbe3b1a5d0_0, 0, 1;
    %end;
    .thread T_27;
    .scope S_000001dbe3a37060;
T_28 ;
    %pushi/vec4 0, 0, 16;
    %store/vec4 v000001dbe3b1d0b0_0, 0, 16;
    %delay 100000, 0;
    %pushi/vec4 65535, 0, 16;
    %store/vec4 v000001dbe3b1d0b0_0, 0, 16;
    %delay 20000, 0;
    %pushi/vec4 32767, 0, 16;
    %store/vec4 v000001dbe3b1d0b0_0, 0, 16;
    %end;
    .thread T_28;
    .scope S_000001dbe3a371f0;
T_29 ;
    %pushi/vec4 0, 0, 16;
    %store/vec4 v000001dbe3b1d1f0_0, 0, 16;
    %delay 100000, 0;
    %pushi/vec4 65535, 0, 16;
    %store/vec4 v000001dbe3b1d1f0_0, 0, 16;
    %delay 20000, 0;
    %pushi/vec4 32767, 0, 16;
    %store/vec4 v000001dbe3b1d1f0_0, 0, 16;
    %end;
    .thread T_29;
# The file index is used to find the file name in the following table.
:file_names 23;
    "N/A";
    "<interactive>";
    "Tests/MultiCycleCPU_test.v";
    "Implementation/MultiCycleCPU.v";
    "Implementation/controller.v";
    "Implementation/datapath.v";
    "Implementation/holding_reg.v";
    "Implementation/mux_1bit.v";
    "Implementation/mux_2bit.v";
    "Implementation/DMem.v";
    "Implementation/IMem.v";
    "Implementation/nbit_register_file.v";
    "Implementation/sign_extend.v";
    "Implementation/zero_extend.v";
    "Implementation/jumpALU.v";
    "Implementation/myALU.v";
    "Implementation/read_mux.v";
    "Tests/controllerTest.v";
    "Tests/holding_reg_test.v";
    "Tests/jumpALU_test.v";
    "Tests/mux_1bit_test.v";
    "Tests/sign_extend_test.v";
    "Tests/zero_extend_test.v";
